Hello this is a debug message
oh eight one
oh
seven eight three
one
two
zero two
four
seven
seven
four
nine
two
nine
zero
nine
six four eight
three
four
two
two
zero
nine
zero
2016-12-30/05:26:58.400  INFO: Transcriber - ****************************************
2016-12-30/05:26:58.401  INFO: Transcriber - Transcribing..  file:/web/stud/u1273400/src/data/digits/544731080047748982509633422090.wav
2016-12-30/05:26:58.401  INFO: Transcriber - ****************************************
2016-12-30/05:26:58.515  INFO: Transcriber - oh eight one
2016-12-30/05:26:58.537  INFO: Transcriber - oh
2016-12-30/05:26:58.587  INFO: Transcriber - seven eight three
2016-12-30/05:26:58.602  INFO: Transcriber - one
2016-12-30/05:26:58.626  INFO: Transcriber - two
2016-12-30/05:26:58.677  INFO: Transcriber - zero two
2016-12-30/05:26:58.690  INFO: Transcriber - four
2016-12-30/05:26:58.705  INFO: Transcriber - seven
2016-12-30/05:26:58.722  INFO: Transcriber - seven
2016-12-30/05:26:58.735  INFO: Transcriber - four
2016-12-30/05:26:58.749  INFO: Transcriber - nine
2016-12-30/05:26:58.758  INFO: Transcriber - two
2016-12-30/05:26:58.770  INFO: Transcriber - nine
2016-12-30/05:26:58.781  INFO: Transcriber - zero
2016-12-30/05:26:58.792  INFO: Transcriber - nine
2016-12-30/05:26:58.918  INFO: Transcriber - six four eight
2016-12-30/05:26:58.936  INFO: Transcriber - three
2016-12-30/05:26:58.953  INFO: Transcriber - four
2016-12-30/05:26:58.971  INFO: Transcriber - two
2016-12-30/05:26:58.987  INFO: Transcriber - two
2016-12-30/05:26:59.012  INFO: Transcriber - zero
2016-12-30/05:26:59.039  INFO: Transcriber - nine
2016-12-30/05:26:59.063  INFO: Transcriber - zero
2016-12-30/05:26:59.063  INFO: Transcriber - 


2016-12-30/10:38:05.704  INFO: Transcriber - ****************************************
2016-12-30/10:38:05.705  INFO: Transcriber - Transcribing..  file:/web/stud/u1273400/src/data/digits/544731080047748982509633422090.wav
2016-12-30/10:38:05.705  INFO: Transcriber - ****************************************
2016-12-30/10:38:05.811  INFO: Transcriber - oh eight one
2016-12-30/10:38:05.838  INFO: Transcriber - oh
2016-12-30/10:38:05.892  INFO: Transcriber - seven eight three
2016-12-30/10:38:05.906  INFO: Transcriber - one
2016-12-30/10:38:05.928  INFO: Transcriber - two
2016-12-30/10:38:05.974  INFO: Transcriber - zero two
2016-12-30/10:38:05.984  INFO: Transcriber - four
2016-12-30/10:38:05.996  INFO: Transcriber - seven
2016-12-30/10:38:06.010  INFO: Transcriber - seven
2016-12-30/10:38:06.022  INFO: Transcriber - four
2016-12-30/10:38:06.039  INFO: Transcriber - nine
2016-12-30/10:38:06.048  INFO: Transcriber - two
2016-12-30/10:38:06.061  INFO: Transcriber - nine
2016-12-30/10:38:06.076  INFO: Transcriber - zero
2016-12-30/10:38:06.087  INFO: Transcriber - nine
2016-12-30/10:38:06.169  INFO: Transcriber - six four eight
2016-12-30/10:38:06.183  INFO: Transcriber - three
2016-12-30/10:38:06.195  INFO: Transcriber - four
2016-12-30/10:38:06.205  INFO: Transcriber - two
2016-12-30/10:38:06.216  INFO: Transcriber - two
2016-12-30/10:38:06.229  INFO: Transcriber - zero
2016-12-30/10:38:06.245  INFO: Transcriber - nine
2016-12-30/10:38:06.259  INFO: Transcriber - zero
2016-12-30/10:38:06.259  INFO: Transcriber - 


2016-12-30/11:03:31.106  INFO: Transcriber - ****************************************
2016-12-30/11:03:31.106  INFO: Transcriber - Transcribing..  file:/web/stud/u1273400/src/data/digits/544731080047748982509633422090.wav
2016-12-30/11:03:31.106  INFO: Transcriber - ****************************************
2016-12-30/11:03:31.231  INFO: Transcriber - oh eight one
2016-12-30/11:03:31.256  INFO: Transcriber - oh
2016-12-30/11:03:31.321  INFO: Transcriber - seven eight three
2016-12-30/11:03:31.342  INFO: Transcriber - one
2016-12-30/11:03:31.368  INFO: Transcriber - two
2016-12-30/11:03:31.413  INFO: Transcriber - zero two
2016-12-30/11:03:31.424  INFO: Transcriber - four
2016-12-30/11:03:31.441  INFO: Transcriber - seven
2016-12-30/11:03:31.457  INFO: Transcriber - seven
2016-12-30/11:03:31.469  INFO: Transcriber - four
2016-12-30/11:03:31.487  INFO: Transcriber - nine
2016-12-30/11:03:31.498  INFO: Transcriber - two
2016-12-30/11:03:31.514  INFO: Transcriber - nine
2016-12-30/11:03:31.528  INFO: Transcriber - zero
2016-12-30/11:03:31.542  INFO: Transcriber - nine
2016-12-30/11:03:31.640  INFO: Transcriber - six four eight
2016-12-30/11:03:31.653  INFO: Transcriber - three
2016-12-30/11:03:31.665  INFO: Transcriber - four
2016-12-30/11:03:31.676  INFO: Transcriber - two
2016-12-30/11:03:31.687  INFO: Transcriber - two
2016-12-30/11:03:31.702  INFO: Transcriber - zero
2016-12-30/11:03:31.720  INFO: Transcriber - nine
2016-12-30/11:03:31.736  INFO: Transcriber - zero
2016-12-30/11:03:31.736  INFO: Transcriber - 


2016-12-30/11:06:58.444  INFO: Transcriber - ****************************************
2016-12-30/11:06:58.445  INFO: Transcriber - Transcribing..  file:/web/stud/u1273400/src/data/digits/544731080047748982509633422090.wav
2016-12-30/11:06:58.445  INFO: Transcriber - ****************************************
2016-12-30/11:06:58.562  INFO: Transcriber - oh eight one
2016-12-30/11:06:58.586  INFO: Transcriber - oh
2016-12-30/11:06:58.647  INFO: Transcriber - seven eight three
2016-12-30/11:06:58.662  INFO: Transcriber - one
2016-12-30/11:06:58.683  INFO: Transcriber - two
2016-12-30/11:06:58.736  INFO: Transcriber - zero two
2016-12-30/11:06:58.747  INFO: Transcriber - four
2016-12-30/11:06:58.759  INFO: Transcriber - seven
2016-12-30/11:06:58.774  INFO: Transcriber - seven
2016-12-30/11:06:58.788  INFO: Transcriber - four
2016-12-30/11:06:58.803  INFO: Transcriber - nine
2016-12-30/11:06:58.812  INFO: Transcriber - two
2016-12-30/11:06:58.825  INFO: Transcriber - nine
2016-12-30/11:06:58.839  INFO: Transcriber - zero
2016-12-30/11:06:58.926  INFO: Transcriber - nine
2016-12-30/11:06:58.958  INFO: Transcriber - six four eight
2016-12-30/11:06:58.975  INFO: Transcriber - three
2016-12-30/11:06:58.987  INFO: Transcriber - four
2016-12-30/11:06:58.998  INFO: Transcriber - two
2016-12-30/11:06:59.009  INFO: Transcriber - two
2016-12-30/11:06:59.024  INFO: Transcriber - zero
2016-12-30/11:06:59.041  INFO: Transcriber - nine
2016-12-30/11:06:59.057  INFO: Transcriber - zero
2016-12-30/11:06:59.058  INFO: Transcriber - 


