2016-12-31/20:32:38.716  INFO: Transcriber - ****************************************
2016-12-31/20:32:38.717  INFO: Transcriber - Transcribing..  file:/web/stud/u1273400/src/data/digits/544731080047748982509633422090.wav
2016-12-31/20:32:38.717  INFO: Transcriber - ****************************************
2016-12-31/20:34:18.532  INFO: Transcriber - ****************************************
2016-12-31/20:34:18.533  INFO: Transcriber - Transcribing..  file:/web/stud/u1273400/src/data/digits/544731080047748982509633422090.wav
2016-12-31/20:34:18.533  INFO: Transcriber - ****************************************
2016-12-31/20:34:18.666  INFO: Transcriber - Line 1: oh eight one
2016-12-31/20:34:18.690  INFO: Transcriber - Line 2: oh
2016-12-31/20:34:18.745  INFO: Transcriber - Line 3: seven eight three
2016-12-31/20:34:18.759  INFO: Transcriber - Line 4: one
2016-12-31/20:34:18.784  INFO: Transcriber - Line 5: two
2016-12-31/20:34:18.834  INFO: Transcriber - Line 6: zero two
2016-12-31/20:34:18.846  INFO: Transcriber - Line 7: four
2016-12-31/20:34:18.862  INFO: Transcriber - Line 8: seven
2016-12-31/20:34:18.876  INFO: Transcriber - Line 9: seven
2016-12-31/20:34:18.888  INFO: Transcriber - Line 10: four
2016-12-31/20:34:18.907  INFO: Transcriber - Line 11: nine
2016-12-31/20:34:18.917  INFO: Transcriber - Line 12: two
2016-12-31/20:34:18.930  INFO: Transcriber - Line 13: nine
2016-12-31/20:34:18.943  INFO: Transcriber - Line 14: zero
2016-12-31/20:34:18.955  INFO: Transcriber - Line 15: nine
2016-12-31/20:34:19.049  INFO: Transcriber - Line 16: six four eight
2016-12-31/20:34:19.064  INFO: Transcriber - Line 17: three
2016-12-31/20:34:19.078  INFO: Transcriber - Line 18: four
2016-12-31/20:34:19.091  INFO: Transcriber - Line 19: two
2016-12-31/20:34:19.103  INFO: Transcriber - Line 20: two
2016-12-31/20:34:19.120  INFO: Transcriber - Line 21: zero
2016-12-31/20:34:19.139  INFO: Transcriber - Line 22: nine
2016-12-31/20:34:19.155  INFO: Transcriber - Line 23: zero
