one three two eight nine eight six seven five one five zero
three one
three eight nine zero zero eight
five two two one seven three six eight zero

one
three
two
six
seven
five

eight
nine


seven five zero

four
three
one
three
nine
zero zero eight
five two two

one seven three
six
two
zero

seven eight one three four
nine nine eight eight eight eight zero seven
six five


eight three
three four nine
two two one
one nine
five four
four
seven three one zero eight zero zero
four seven seven
four
eight nine
eight
two
nine
zero nine
six three
three four
two two
zero nine
zero
one one seven
seven eight nine
six six eight one two three
zero four zero
five three five eight
six eight four
nine two zero one five five
six zero one

four four three three three
one one one
two two two
zero zero zero nine nine nine seven seven seven eight eight eight seven six six
nine five five four
four
seven three one zero eight zero zero
four seven seven
four
eight nine
eight
two
nine
zero nine
six three
three four
two two
zero nine
zero one four three three three
one one
two two
zero zero zero
nine
seven seven seven
eight eight eight seven six

one eight
three one six seven two two three two zero one nine five four seven two two two
four seven seven
nine eight one two one two nine nine
zero one
one zero zero
two two two two six four
two three
two
two two one one
nine nine nine
one one one zero two two two nine nine nine zero one one one zero zero two three two eight zero seven six five four
four eight three three two nine two two one
four one nine
