2017-01-01/14:43:39.124  INFO: Transcriber - ****************************************
2017-01-01/14:43:39.124  INFO: Transcriber - Transcribing..  file:/web/stud/u1273400/src/data/digits/20160708-165215.wav
2017-01-01/14:43:39.125  INFO: Transcriber - ****************************************
2017-01-01/14:43:39.322  INFO: Transcriber - Line 1: one
2017-01-01/14:43:39.377  INFO: Transcriber - Line 2: seven one
2017-01-01/14:43:40.441  INFO: Transcriber - ****************************************
2017-01-01/14:43:40.441  INFO: Transcriber - Transcribing..  file:/web/stud/u1273400/src/data/digits/544731080047748982509633422090.wav
2017-01-01/14:43:40.441  INFO: Transcriber - ****************************************
2017-01-01/14:43:40.502  INFO: Transcriber - Line 1: oh eight one
2017-01-01/14:43:40.517  INFO: Transcriber - Line 2: oh
2017-01-01/14:43:40.561  INFO: Transcriber - Line 3: seven eight three
2017-01-01/14:43:40.581  INFO: Transcriber - Line 4: one
2017-01-01/14:43:40.610  INFO: Transcriber - Line 5: two
2017-01-01/14:43:40.671  INFO: Transcriber - Line 6: zero two
2017-01-01/14:43:40.683  INFO: Transcriber - Line 7: four
2017-01-01/14:43:40.698  INFO: Transcriber - Line 8: seven
2017-01-01/14:43:40.713  INFO: Transcriber - Line 9: seven
2017-01-01/14:43:40.725  INFO: Transcriber - Line 10: four
2017-01-01/14:43:40.742  INFO: Transcriber - Line 11: nine
2017-01-01/14:43:40.755  INFO: Transcriber - Line 12: two
2017-01-01/14:43:40.773  INFO: Transcriber - Line 13: nine
2017-01-01/14:43:40.789  INFO: Transcriber - Line 14: zero
2017-01-01/14:43:40.803  INFO: Transcriber - Line 15: nine
2017-01-01/14:43:40.848  INFO: Transcriber - Line 16: six four eight
2017-01-01/14:43:40.869  INFO: Transcriber - Line 17: three
2017-01-01/14:43:40.888  INFO: Transcriber - Line 18: four
2017-01-01/14:43:40.904  INFO: Transcriber - Line 19: two
2017-01-01/14:43:40.919  INFO: Transcriber - Line 20: two
2017-01-01/14:43:40.943  INFO: Transcriber - Line 21: zero
2017-01-01/14:43:40.966  INFO: Transcriber - Line 22: nine
2017-01-01/14:43:40.985  INFO: Transcriber - Line 23: zero
2017-01-01/14:43:41.811  INFO: Transcriber - ****************************************
2017-01-01/14:43:41.811  INFO: Transcriber - Transcribing..  file:/web/stud/u1273400/src/data/digits/20160708-165227.wav
2017-01-01/14:43:41.812  INFO: Transcriber - ****************************************
2017-01-01/14:43:41.882  INFO: Transcriber - Line 1: six
2017-01-01/14:43:41.904  INFO: Transcriber - Line 2: zero
2017-01-01/14:43:42.534  INFO: Transcriber - ****************************************
2017-01-01/14:43:42.535  INFO: Transcriber - Transcribing..  file:/web/stud/u1273400/src/data/digits/20160708-165135.wav
2017-01-01/14:43:42.535  INFO: Transcriber - ****************************************
2017-01-01/14:43:42.606  INFO: Transcriber - Line 1: four oh
2017-01-01/14:43:42.624  INFO: Transcriber - Line 2: three
2017-01-01/14:43:42.641  INFO: Transcriber - Line 3: one
2017-01-01/14:43:43.279  INFO: Transcriber - ****************************************
2017-01-01/14:43:43.279  INFO: Transcriber - Transcribing..  file:/web/stud/u1273400/src/data/digits/20160710-212035.wav
2017-01-01/14:43:43.280  INFO: Transcriber - ****************************************
2017-01-01/14:43:43.426  INFO: Transcriber - Line 1: eight one oh nine nine
2017-01-01/14:43:43.485  INFO: Transcriber - Line 2: one nine
2017-01-01/14:43:43.509  INFO: Transcriber - Line 3: 
2017-01-01/14:43:43.538  INFO: Transcriber - Line 4: two
2017-01-01/14:43:43.564  INFO: Transcriber - Line 5: 
2017-01-01/14:43:43.626  INFO: Transcriber - Line 6: two
2017-01-01/14:43:43.697  INFO: Transcriber - Line 7: 
2017-01-01/14:43:43.831  INFO: Transcriber - Line 8: seven one nine
2017-01-01/14:43:43.857  INFO: Transcriber - Line 9: two
2017-01-01/14:43:43.882  INFO: Transcriber - Line 10: one
2017-01-01/14:43:43.901  INFO: Transcriber - Line 11: 
2017-01-01/14:43:44.029  INFO: Transcriber - Line 12: 
2017-01-01/14:43:44.060  INFO: Transcriber - Line 13: two nine
2017-01-01/14:43:44.085  INFO: Transcriber - Line 14: one
2017-01-01/14:43:44.111  INFO: Transcriber - Line 15: two
2017-01-01/14:43:44.130  INFO: Transcriber - Line 16: 
2017-01-01/14:43:44.164  INFO: Transcriber - Line 17: 
2017-01-01/14:43:44.187  INFO: Transcriber - Line 18: 
2017-01-01/14:43:44.251  INFO: Transcriber - Line 19: 
2017-01-01/14:43:44.274  INFO: Transcriber - Line 20: two
2017-01-01/14:43:44.382  INFO: Transcriber - Line 21: 
2017-01-01/14:43:44.407  INFO: Transcriber - Line 22: one
2017-01-01/14:43:44.440  INFO: Transcriber - Line 23: 
2017-01-01/14:43:44.512  INFO: Transcriber - Line 24: one one
2017-01-01/14:43:44.529  INFO: Transcriber - Line 25: 
2017-01-01/14:43:44.701  INFO: Transcriber - Line 26: nine nine
2017-01-01/14:43:44.823  INFO: Transcriber - Line 27: oh
2017-01-01/14:43:44.836  INFO: Transcriber - Line 28: one
2017-01-01/14:43:44.910  INFO: Transcriber - Line 29: nine
2017-01-01/14:43:44.924  INFO: Transcriber - Line 30: 
2017-01-01/14:43:44.941  INFO: Transcriber - Line 31: two
2017-01-01/14:43:44.976  INFO: Transcriber - Line 32: 
2017-01-01/14:43:44.998  INFO: Transcriber - Line 33: one
2017-01-01/14:43:45.039  INFO: Transcriber - Line 34: one nine
2017-01-01/14:43:45.058  INFO: Transcriber - Line 35: one
2017-01-01/14:43:45.104  INFO: Transcriber - Line 36: 
2017-01-01/14:43:45.122  INFO: Transcriber - Line 37: two
2017-01-01/14:43:45.156  INFO: Transcriber - Line 38: nine nine
2017-01-01/14:43:45.260  INFO: Transcriber - Line 39: two nine one
2017-01-01/14:43:45.273  INFO: Transcriber - Line 40: nine
2017-01-01/14:43:45.297  INFO: Transcriber - Line 41: nine
2017-01-01/14:43:45.312  INFO: Transcriber - Line 42: two
2017-01-01/14:43:45.347  INFO: Transcriber - Line 43: 
2017-01-01/14:43:45.366  INFO: Transcriber - Line 44: one
2017-01-01/14:43:45.387  INFO: Transcriber - Line 45: 
2017-01-01/14:43:45.420  INFO: Transcriber - Line 46: 
2017-01-01/14:43:45.479  INFO: Transcriber - Line 47: one nine
2017-01-01/14:43:45.525  INFO: Transcriber - Line 48: one
2017-01-01/14:43:45.585  INFO: Transcriber - Line 49: one nine
2017-01-01/14:43:45.609  INFO: Transcriber - Line 50: one
2017-01-01/14:43:45.647  INFO: Transcriber - Line 51: two
2017-01-01/14:43:45.661  INFO: Transcriber - Line 52: one
2017-01-01/14:43:45.694  INFO: Transcriber - Line 53: 
2017-01-01/14:43:45.753  INFO: Transcriber - Line 54: one
2017-01-01/14:43:45.762  INFO: Transcriber - Line 55: 
2017-01-01/14:43:45.772  INFO: Transcriber - Line 56: two
2017-01-01/14:43:45.800  INFO: Transcriber - Line 57: one
2017-01-01/14:43:45.834  INFO: Transcriber - Line 58: one
2017-01-01/14:43:45.932  INFO: Transcriber - Line 59: one
2017-01-01/14:43:45.971  INFO: Transcriber - Line 60: one one
2017-01-01/14:43:45.988  INFO: Transcriber - Line 61: two
2017-01-01/14:43:46.085  INFO: Transcriber - Line 62: two nine nine
2017-01-01/14:43:46.140  INFO: Transcriber - Line 63: nine
2017-01-01/14:43:46.209  INFO: Transcriber - Line 64: one
2017-01-01/14:43:46.222  INFO: Transcriber - Line 65: two
2017-01-01/14:43:46.314  INFO: Transcriber - Line 66: nine
2017-01-01/14:43:46.341  INFO: Transcriber - Line 67: nine
2017-01-01/14:43:46.360  INFO: Transcriber - Line 68: one
2017-01-01/14:43:46.369  INFO: Transcriber - Line 69: 
2017-01-01/14:43:46.392  INFO: Transcriber - Line 70: one
2017-01-01/14:43:46.410  INFO: Transcriber - Line 71: 
2017-01-01/14:43:46.446  INFO: Transcriber - Line 72: 
2017-01-01/14:43:46.522  INFO: Transcriber - Line 73: 
2017-01-01/14:43:46.536  INFO: Transcriber - Line 74: two
2017-01-01/14:43:46.576  INFO: Transcriber - Line 75: one nine
2017-01-01/14:43:46.640  INFO: Transcriber - Line 76: nine nine nine
2017-01-01/14:43:46.674  INFO: Transcriber - Line 77: 
2017-01-01/14:43:46.687  INFO: Transcriber - Line 78: two
2017-01-01/14:43:46.723  INFO: Transcriber - Line 79: 
2017-01-01/14:43:46.755  INFO: Transcriber - Line 80: two
2017-01-01/14:43:46.782  INFO: Transcriber - Line 81: 
2017-01-01/14:43:46.868  INFO: Transcriber - Line 82: one one
2017-01-01/14:43:46.958  INFO: Transcriber - Line 83: one one nine
2017-01-01/14:43:47.124  INFO: Transcriber - Line 84: one
2017-01-01/14:43:47.168  INFO: Transcriber - Line 85: one
2017-01-01/14:43:47.186  INFO: Transcriber - Line 86: 
2017-01-01/14:43:47.257  INFO: Transcriber - Line 87: one
2017-01-01/14:43:47.278  INFO: Transcriber - Line 88: 
2017-01-01/14:43:47.316  INFO: Transcriber - Line 89: 
2017-01-01/14:43:47.424  INFO: Transcriber - Line 90: nine
2017-01-01/14:43:47.463  INFO: Transcriber - Line 91: 
2017-01-01/14:43:47.628  INFO: Transcriber - Line 92: one one
2017-01-01/14:43:47.664  INFO: Transcriber - Line 93: 
2017-01-01/14:43:47.713  INFO: Transcriber - Line 94: 
2017-01-01/14:43:47.727  INFO: Transcriber - Line 95: one
2017-01-01/14:43:47.755  INFO: Transcriber - Line 96: one oh
2017-01-01/14:43:47.790  INFO: Transcriber - Line 97: one
2017-01-01/14:43:47.817  INFO: Transcriber - Line 98: one
2017-01-01/14:43:47.881  INFO: Transcriber - Line 99: 
2017-01-01/14:43:47.935  INFO: Transcriber - Line 100: one nine
2017-01-01/14:43:47.951  INFO: Transcriber - Line 101: 
2017-01-01/14:43:48.008  INFO: Transcriber - Line 102: one nine
2017-01-01/14:43:48.025  INFO: Transcriber - Line 103: two
2017-01-01/14:43:48.048  INFO: Transcriber - Line 104: oh nine
2017-01-01/14:43:48.246  INFO: Transcriber - Line 105: one
2017-01-01/14:43:48.308  INFO: Transcriber - Line 106: one nine
2017-01-01/14:43:48.329  INFO: Transcriber - Line 107: one
2017-01-01/14:43:48.435  INFO: Transcriber - Line 108: 
2017-01-01/14:43:48.458  INFO: Transcriber - Line 109: 
2017-01-01/14:43:48.554  INFO: Transcriber - Line 110: one nine
2017-01-01/14:43:48.583  INFO: Transcriber - Line 111: two nine
2017-01-01/14:43:48.597  INFO: Transcriber - Line 112: two
2017-01-01/14:43:48.611  INFO: Transcriber - Line 113: one
2017-01-01/14:43:48.629  INFO: Transcriber - Line 114: 
2017-01-01/14:43:48.645  INFO: Transcriber - Line 115: 
2017-01-01/14:43:48.747  INFO: Transcriber - Line 116: two nine nine
2017-01-01/14:43:48.797  INFO: Transcriber - Line 117: nine nine
2017-01-01/14:43:48.858  INFO: Transcriber - Line 118: 
2017-01-01/14:43:48.875  INFO: Transcriber - Line 119: two
2017-01-01/14:43:48.899  INFO: Transcriber - Line 120: one
2017-01-01/14:43:48.946  INFO: Transcriber - Line 121: 
2017-01-01/14:43:48.986  INFO: Transcriber - Line 122: 
2017-01-01/14:43:49.008  INFO: Transcriber - Line 123: 
2017-01-01/14:43:49.041  INFO: Transcriber - Line 124: nine nine
2017-01-01/14:43:49.059  INFO: Transcriber - Line 125: 
2017-01-01/14:43:49.069  INFO: Transcriber - Line 126: 
2017-01-01/14:43:49.097  INFO: Transcriber - Line 127: one
2017-01-01/14:43:49.186  INFO: Transcriber - Line 128: one nine nine
2017-01-01/14:43:49.239  INFO: Transcriber - Line 129: nine nine
2017-01-01/14:43:49.275  INFO: Transcriber - Line 130: nine
2017-01-01/14:43:49.301  INFO: Transcriber - Line 131: one one
2017-01-01/14:43:49.327  INFO: Transcriber - Line 132: 
2017-01-01/14:43:49.386  INFO: Transcriber - Line 133: one
2017-01-01/14:43:49.398  INFO: Transcriber - Line 134: 
2017-01-01/14:43:49.455  INFO: Transcriber - Line 135: one
2017-01-01/14:43:49.477  INFO: Transcriber - Line 136: two
2017-01-01/14:43:49.520  INFO: Transcriber - Line 137: nine
2017-01-01/14:43:49.541  INFO: Transcriber - Line 138: one
2017-01-01/14:43:49.558  INFO: Transcriber - Line 139: 
2017-01-01/14:43:49.589  INFO: Transcriber - Line 140: nine
2017-01-01/14:43:49.604  INFO: Transcriber - Line 141: one
2017-01-01/14:43:49.757  INFO: Transcriber - Line 142: two nine
2017-01-01/14:43:49.855  INFO: Transcriber - Line 143: two nine
2017-01-01/14:43:49.900  INFO: Transcriber - Line 144: one oh
2017-01-01/14:43:49.926  INFO: Transcriber - Line 145: one
2017-01-01/14:43:50.026  INFO: Transcriber - Line 146: one one
2017-01-01/14:43:50.142  INFO: Transcriber - Line 147: one one one oh
2017-01-01/14:43:50.226  INFO: Transcriber - Line 148: one
2017-01-01/14:43:50.258  INFO: Transcriber - Line 149: 
2017-01-01/14:43:50.287  INFO: Transcriber - Line 150: one
2017-01-01/14:43:50.319  INFO: Transcriber - Line 151: 
2017-01-01/14:43:50.414  INFO: Transcriber - Line 152: 
2017-01-01/14:43:50.531  INFO: Transcriber - Line 153: two two nine three eight two three
2017-01-01/14:43:50.612  INFO: Transcriber - Line 154: one seven one oh
2017-01-01/14:43:50.713  INFO: Transcriber - Line 155: seven one seven
2017-01-01/14:43:50.769  INFO: Transcriber - Line 156: one eight one
2017-01-01/14:43:50.839  INFO: Transcriber - Line 157: oh eight one one oh
2017-01-01/14:43:50.907  INFO: Transcriber - Line 158: oh nine
2017-01-01/14:43:51.091  INFO: Transcriber - Line 159: three eight one seven three two two nine one
2017-01-01/14:43:51.190  INFO: Transcriber - Line 160: eight one one
2017-01-01/14:43:51.248  INFO: Transcriber - Line 161: two
2017-01-01/14:43:51.329  INFO: Transcriber - Line 162: eight one oh two
2017-01-01/14:43:51.402  INFO: Transcriber - Line 163: three eight one oh
2017-01-01/14:43:51.510  INFO: Transcriber - Line 164: three eight five two two nine
2017-01-01/14:43:51.617  INFO: Transcriber - Line 165: one one
2017-01-01/14:43:51.707  INFO: Transcriber - Line 166: two
2017-01-01/14:43:51.796  INFO: Transcriber - Line 167: six seven eight
2017-01-01/14:43:51.850  INFO: Transcriber - Line 168: one
2017-01-01/14:43:51.944  INFO: Transcriber - Line 169: oh eight one
2017-01-01/14:43:51.984  INFO: Transcriber - Line 170: 
2017-01-01/14:43:51.996  INFO: Transcriber - Line 171: 
2017-01-01/14:43:52.096  INFO: Transcriber - Line 172: seven nine
2017-01-01/14:43:52.168  INFO: Transcriber - Line 173: one one one
2017-01-01/14:43:52.235  INFO: Transcriber - Line 174: one
2017-01-01/14:43:52.305  INFO: Transcriber - Line 175: one
2017-01-01/14:43:52.368  INFO: Transcriber - Line 176: two nine
2017-01-01/14:43:52.435  INFO: Transcriber - Line 177: one nine
2017-01-01/14:43:52.515  INFO: Transcriber - Line 178: two nine
2017-01-01/14:43:52.601  INFO: Transcriber - Line 179: two nine
2017-01-01/14:43:52.735  INFO: Transcriber - Line 180: one
2017-01-01/14:43:52.760  INFO: Transcriber - Line 181: 
2017-01-01/14:43:52.849  INFO: Transcriber - Line 182: four
2017-01-01/14:43:52.980  INFO: Transcriber - Line 183: five
2017-01-01/14:43:53.024  INFO: Transcriber - Line 184: nine
2017-01-01/14:43:53.088  INFO: Transcriber - Line 185: 
2017-01-01/14:43:53.144  INFO: Transcriber - Line 186: two seven two
2017-01-01/14:43:53.164  INFO: Transcriber - Line 187: 
2017-01-01/14:43:53.197  INFO: Transcriber - Line 188: 
2017-01-01/14:43:53.265  INFO: Transcriber - Line 189: 
2017-01-01/14:43:53.393  INFO: Transcriber - Line 190: five
2017-01-01/14:43:53.442  INFO: Transcriber - Line 191: two
2017-01-01/14:43:53.539  INFO: Transcriber - Line 192: one one
2017-01-01/14:43:53.633  INFO: Transcriber - Line 193: five
2017-01-01/14:43:53.727  INFO: Transcriber - Line 194: 
2017-01-01/14:43:53.885  INFO: Transcriber - Line 195: eight four
2017-01-01/14:43:53.962  INFO: Transcriber - Line 196: seven five
2017-01-01/14:43:54.046  INFO: Transcriber - Line 197: five
2017-01-01/14:43:54.265  INFO: Transcriber - Line 198: five
2017-01-01/14:43:54.310  INFO: Transcriber - Line 199: 
2017-01-01/14:43:54.564  INFO: Transcriber - Line 200: eight one eight
2017-01-01/14:43:54.645  INFO: Transcriber - Line 201: 
2017-01-01/14:43:54.692  INFO: Transcriber - Line 202: nine
2017-01-01/14:43:54.716  INFO: Transcriber - Line 203: zero
2017-01-01/14:43:54.754  INFO: Transcriber - Line 204: 
2017-01-01/14:43:54.856  INFO: Transcriber - Line 205: seven six nine
2017-01-01/14:43:55.004  INFO: Transcriber - Line 206: one one eight
2017-01-01/14:43:55.343  INFO: Transcriber - Line 207: one one seven one eight one eight one oh
2017-01-01/14:43:55.445  INFO: Transcriber - Line 208: oh seven
2017-01-01/14:43:55.840  INFO: Transcriber - Line 209: oh six zero one one one seven one six five seven eight
2017-01-01/14:43:56.197  INFO: Transcriber - Line 210: seven one seven one eight one oh two six nine oh nine
2017-01-01/14:43:56.609  INFO: Transcriber - Line 211: seven oh two eight one seven oh eight
2017-01-01/14:43:56.851  INFO: Transcriber - Line 212: seven one seven eight one seven one seven one four eight
2017-01-01/14:43:56.990  INFO: Transcriber - Line 213: one one
2017-01-01/14:43:57.078  INFO: Transcriber - Line 214: eight
2017-01-01/14:43:57.129  INFO: Transcriber - Line 215: two one oh
2017-01-01/14:43:57.331  INFO: Transcriber - Line 216: six one oh eight
2017-01-01/14:43:57.717  INFO: Transcriber - Line 217: seven oh eight one five
2017-01-01/14:43:58.318  INFO: Transcriber - Line 218: seven eight two eight one seven one one one one six oh eight one one one six seven
2017-01-01/14:43:58.745  INFO: Transcriber - Line 219: seven one one seven one eight one one eight one seven one five
2017-01-01/14:43:59.096  INFO: Transcriber - Line 220: one oh seven one seven one eight one one
2017-01-01/14:43:59.210  INFO: Transcriber - Line 221: one one six
2017-01-01/14:43:59.281  INFO: Transcriber - Line 222: 
2017-01-01/14:43:59.332  INFO: Transcriber - Line 223: 
2017-01-01/14:43:59.390  INFO: Transcriber - Line 224: seven one
2017-01-01/14:43:59.452  INFO: Transcriber - Line 225: one one eight
2017-01-01/14:43:59.475  INFO: Transcriber - Line 226: 
2017-01-01/14:43:59.540  INFO: Transcriber - Line 227: 
2017-01-01/14:43:59.565  INFO: Transcriber - Line 228: 
2017-01-01/14:43:59.587  INFO: Transcriber - Line 229: two nine
2017-01-01/14:43:59.605  INFO: Transcriber - Line 230: one
2017-01-01/14:43:59.642  INFO: Transcriber - Line 231: nine
2017-01-01/14:43:59.693  INFO: Transcriber - Line 232: 
2017-01-01/14:43:59.748  INFO: Transcriber - Line 233: 
2017-01-01/14:43:59.845  INFO: Transcriber - Line 234: oh nine oh nine
2017-01-01/14:43:59.969  INFO: Transcriber - Line 235: 
2017-01-01/14:44:00.100  INFO: Transcriber - Line 236: five
2017-01-01/14:44:00.154  INFO: Transcriber - Line 237: five
2017-01-01/14:44:00.246  INFO: Transcriber - Line 238: eight one
2017-01-01/14:44:00.475  INFO: Transcriber - Line 239: five
2017-01-01/14:44:00.618  INFO: Transcriber - Line 240: one one one
2017-01-01/14:44:00.679  INFO: Transcriber - Line 241: eight
2017-01-01/14:44:00.757  INFO: Transcriber - Line 242: 
2017-01-01/14:44:00.814  INFO: Transcriber - Line 243: one one
2017-01-01/14:44:00.853  INFO: Transcriber - Line 244: one one two
2017-01-01/14:44:00.930  INFO: Transcriber - Line 245: one five
2017-01-01/14:44:00.940  INFO: Transcriber - Line 246: 
2017-01-01/14:44:01.123  INFO: Transcriber - Line 247: eight
2017-01-01/14:44:01.162  INFO: Transcriber - Line 248: two
2017-01-01/14:44:01.381  INFO: Transcriber - Line 249: eight five
2017-01-01/14:44:01.471  INFO: Transcriber - Line 250: seven one eight
2017-01-01/14:44:01.510  INFO: Transcriber - Line 251: eight
2017-01-01/14:44:01.540  INFO: Transcriber - Line 252: eight nine
2017-01-01/14:44:01.622  INFO: Transcriber - Line 253: 
2017-01-01/14:44:01.676  INFO: Transcriber - Line 254: seven
2017-01-01/14:44:01.726  INFO: Transcriber - Line 255: one
2017-01-01/14:44:01.745  INFO: Transcriber - Line 256: eight
2017-01-01/14:44:01.786  INFO: Transcriber - Line 257: nine
2017-01-01/14:44:02.421  INFO: Transcriber - ****************************************
2017-01-01/14:44:02.421  INFO: Transcriber - Transcribing..  file:/web/stud/u1273400/src/data/digits/20160708-164205.wav
2017-01-01/14:44:02.421  INFO: Transcriber - ****************************************
2017-01-01/14:44:02.487  INFO: Transcriber - Line 1: three oh eight
2017-01-01/14:44:03.038  INFO: Transcriber - ****************************************
2017-01-01/14:44:03.038  INFO: Transcriber - Transcribing..  file:/web/stud/u1273400/src/data/digits/20160708-164127.wav
2017-01-01/14:44:03.039  INFO: Transcriber - ****************************************
2017-01-01/14:44:03.111  INFO: Transcriber - Line 1: seven
2017-01-01/14:44:03.120  INFO: Transcriber - Line 2: five
2017-01-01/14:44:03.682  INFO: Transcriber - ****************************************
2017-01-01/14:44:03.682  INFO: Transcriber - Transcribing..  file:/web/stud/u1273400/src/data/digits/20160708-185930.wav
2017-01-01/14:44:03.682  INFO: Transcriber - ****************************************
2017-01-01/14:44:03.791  INFO: Transcriber - Line 1: one one five
2017-01-01/14:44:04.360  INFO: Transcriber - ****************************************
2017-01-01/14:44:04.360  INFO: Transcriber - Transcribing..  file:/web/stud/u1273400/src/data/digits/20160708-171604.wav
2017-01-01/14:44:04.360  INFO: Transcriber - ****************************************
2017-01-01/14:44:04.482  INFO: Transcriber - Line 1: eight
2017-01-01/14:44:05.036  INFO: Transcriber - ****************************************
2017-01-01/14:44:05.036  INFO: Transcriber - Transcribing..  file:/web/stud/u1273400/src/data/digits/20160720-111057.wav
2017-01-01/14:44:05.036  INFO: Transcriber - ****************************************
2017-01-01/14:44:05.166  INFO: Transcriber - Line 1: oh eight
2017-01-01/14:44:05.239  INFO: Transcriber - Line 2: eight two two eight
2017-01-01/14:44:05.302  INFO: Transcriber - Line 3: 
2017-01-01/14:44:05.359  INFO: Transcriber - Line 4: two eight
2017-01-01/14:44:05.660  INFO: Transcriber - Line 5: eight one two two six oh eight one seven one two
2017-01-01/14:44:05.685  INFO: Transcriber - Line 6: oh six
2017-01-01/14:44:05.711  INFO: Transcriber - Line 7: nine nine
2017-01-01/14:44:05.742  INFO: Transcriber - Line 8: two
2017-01-01/14:44:05.917  INFO: Transcriber - Line 9: one one two eight eight one eight
2017-01-01/14:44:06.085  INFO: Transcriber - Line 10: one oh one one eight nine one
2017-01-01/14:44:06.122  INFO: Transcriber - Line 11: two
2017-01-01/14:44:06.183  INFO: Transcriber - Line 12: one six oh zero
2017-01-01/14:44:06.215  INFO: Transcriber - Line 13: two three eight
2017-01-01/14:44:06.264  INFO: Transcriber - Line 14: eight two two
2017-01-01/14:44:06.325  INFO: Transcriber - Line 15: six one four
2017-01-01/14:44:06.372  INFO: Transcriber - Line 16: four eight three
2017-01-01/14:44:06.409  INFO: Transcriber - Line 17: three eight two
2017-01-01/14:44:06.437  INFO: Transcriber - Line 18: two two
2017-01-01/14:44:06.493  INFO: Transcriber - Line 19: four one
2017-01-01/14:44:06.600  INFO: Transcriber - Line 20: eight
2017-01-01/14:44:06.646  INFO: Transcriber - Line 21: five eight
2017-01-01/14:44:06.673  INFO: Transcriber - Line 22: three
2017-01-01/14:44:07.410  INFO: Transcriber - ****************************************
2017-01-01/14:44:07.411  INFO: Transcriber - Transcribing..  file:/web/stud/u1273400/src/data/digits/20160720-143320.wav
2017-01-01/14:44:07.411  INFO: Transcriber - ****************************************
2017-01-01/14:44:07.564  INFO: Transcriber - Line 1: 
2017-01-01/14:44:07.605  INFO: Transcriber - Line 2: zero eight one
2017-01-01/14:44:07.685  INFO: Transcriber - Line 3: two eight one eight
2017-01-01/14:44:07.723  INFO: Transcriber - Line 4: nine
2017-01-01/14:44:07.767  INFO: Transcriber - Line 5: one eight
2017-01-01/14:44:07.828  INFO: Transcriber - Line 6: seven eight
2017-01-01/14:44:07.901  INFO: Transcriber - Line 7: two one one eight
2017-01-01/14:44:07.999  INFO: Transcriber - Line 8: seven two five
2017-01-01/14:44:08.020  INFO: Transcriber - Line 9: 
2017-01-01/14:44:08.061  INFO: Transcriber - Line 10: one
2017-01-01/14:44:08.097  INFO: Transcriber - Line 11: nine eight
2017-01-01/14:44:08.145  INFO: Transcriber - Line 12: seven
2017-01-01/14:44:08.338  INFO: Transcriber - Line 13: eight one eight
2017-01-01/14:44:08.382  INFO: Transcriber - Line 14: nine nine
2017-01-01/14:44:08.420  INFO: Transcriber - Line 15: two
2017-01-01/14:44:08.475  INFO: Transcriber - Line 16: two two
2017-01-01/14:44:08.496  INFO: Transcriber - Line 17: two
2017-01-01/14:44:08.524  INFO: Transcriber - Line 18: two nine
2017-01-01/14:44:08.541  INFO: Transcriber - Line 19: one
2017-01-01/14:44:08.595  INFO: Transcriber - Line 20: 
2017-01-01/14:44:08.617  INFO: Transcriber - Line 21: three
2017-01-01/14:44:09.367  INFO: Transcriber - ****************************************
2017-01-01/14:44:09.367  INFO: Transcriber - Transcribing..  file:/web/stud/u1273400/src/data/digits/20160708-185833.wav
2017-01-01/14:44:09.367  INFO: Transcriber - ****************************************
2017-01-01/14:44:09.493  INFO: Transcriber - Line 1: eight two nine oh five
2017-01-01/14:44:10.251  INFO: Transcriber - ****************************************
2017-01-01/14:44:10.251  INFO: Transcriber - Transcribing..  file:/web/stud/u1273400/src/data/digits/20160708-185940.wav
2017-01-01/14:44:10.251  INFO: Transcriber - ****************************************
2017-01-01/14:44:10.411  INFO: Transcriber - Line 1: oh two nine eight
2017-01-01/14:44:10.974  INFO: Transcriber - ****************************************
2017-01-01/14:44:10.974  INFO: Transcriber - Transcribing..  file:/web/stud/u1273400/src/data/digits/20160708-171538.wav
2017-01-01/14:44:10.974  INFO: Transcriber - ****************************************
2017-01-01/14:44:11.075  INFO: Transcriber - Line 1: zero eight
2017-01-01/14:44:11.622  INFO: Transcriber - ****************************************
2017-01-01/14:44:11.623  INFO: Transcriber - Transcribing..  file:/web/stud/u1273400/src/data/digits/20160708-165124.wav
2017-01-01/14:44:11.623  INFO: Transcriber - ****************************************
2017-01-01/14:44:11.697  INFO: Transcriber - Line 1: seven oh
2017-01-01/14:44:11.733  INFO: Transcriber - Line 2: four eight two
2017-01-01/14:44:12.332  INFO: Transcriber - ****************************************
2017-01-01/14:44:12.332  INFO: Transcriber - Transcribing..  file:/web/stud/u1273400/src/data/digits/20160708-185918.wav
2017-01-01/14:44:12.332  INFO: Transcriber - ****************************************
2017-01-01/14:44:12.460  INFO: Transcriber - Line 1: two three
2017-01-01/14:44:12.502  INFO: Transcriber - Line 2: eight two nine
2017-01-01/14:44:13.056  INFO: Transcriber - ****************************************
2017-01-01/14:44:13.056  INFO: Transcriber - Transcribing..  file:/web/stud/u1273400/src/data/digits/20160708-165051.wav
2017-01-01/14:44:13.057  INFO: Transcriber - ****************************************
2017-01-01/14:44:13.191  INFO: Transcriber - Line 1: one
2017-01-01/14:44:13.209  INFO: Transcriber - Line 2: three
2017-01-01/14:44:13.218  INFO: Transcriber - Line 3: two
2017-01-01/14:44:13.760  INFO: Transcriber - ****************************************
2017-01-01/14:44:13.760  INFO: Transcriber - Transcribing..  file:/web/stud/u1273400/src/data/digits/20160708-185859.wav
2017-01-01/14:44:13.760  INFO: Transcriber - ****************************************
2017-01-01/14:44:13.936  INFO: Transcriber - Line 1: five eight
2017-01-01/14:44:14.486  INFO: Transcriber - ****************************************
2017-01-01/14:44:14.487  INFO: Transcriber - Transcribing..  file:/web/stud/u1273400/src/data/digits/20160710-110642.wav
2017-01-01/14:44:14.487  INFO: Transcriber - ****************************************
2017-01-01/14:44:14.530  INFO: Transcriber - Line 1: 
2017-01-01/14:44:14.601  INFO: Transcriber - Line 2: eight eight zero three
2017-01-01/14:44:14.656  INFO: Transcriber - Line 3: one one seven
2017-01-01/14:44:14.713  INFO: Transcriber - Line 4: seven three two nine
2017-01-01/14:44:14.772  INFO: Transcriber - Line 5: six six nine
2017-01-01/14:44:14.786  INFO: Transcriber - Line 6: one
2017-01-01/14:44:14.817  INFO: Transcriber - Line 7: two two
2017-01-01/14:44:14.870  INFO: Transcriber - Line 8: zero four two zero
2017-01-01/14:44:14.915  INFO: Transcriber - Line 9: five eight three
2017-01-01/14:44:14.967  INFO: Transcriber - Line 10: six two eight four
2017-01-01/14:44:15.021  INFO: Transcriber - Line 11: nine one seven oh
2017-01-01/14:44:15.075  INFO: Transcriber - Line 12: one five five eight
2017-01-01/14:44:15.121  INFO: Transcriber - Line 13: six zero one
2017-01-01/14:44:15.670  INFO: Transcriber - ****************************************
2017-01-01/14:44:15.671  INFO: Transcriber - Transcribing..  file:/web/stud/u1273400/src/data/digits/20160710-110534.wav
2017-01-01/14:44:15.671  INFO: Transcriber - ****************************************
2017-01-01/14:44:15.740  INFO: Transcriber - Line 1: one
2017-01-01/14:44:15.791  INFO: Transcriber - Line 2: seven six three
2017-01-01/14:44:15.821  INFO: Transcriber - Line 3: oh eight four
2017-01-01/14:44:15.833  INFO: Transcriber - Line 4: four
2017-01-01/14:44:15.864  INFO: Transcriber - Line 5: seven eight three
2017-01-01/14:44:15.878  INFO: Transcriber - Line 6: one
2017-01-01/14:44:15.900  INFO: Transcriber - Line 7: zero
2017-01-01/14:44:15.944  INFO: Transcriber - Line 8: zero two
2017-01-01/14:44:15.955  INFO: Transcriber - Line 9: four
2017-01-01/14:44:15.968  INFO: Transcriber - Line 10: seven
2017-01-01/14:44:15.981  INFO: Transcriber - Line 11: seven
2017-01-01/14:44:15.994  INFO: Transcriber - Line 12: four
2017-01-01/14:44:16.009  INFO: Transcriber - Line 13: nine
2017-01-01/14:44:16.020  INFO: Transcriber - Line 14: two
2017-01-01/14:44:16.033  INFO: Transcriber - Line 15: nine
2017-01-01/14:44:16.045  INFO: Transcriber - Line 16: zero
2017-01-01/14:44:16.057  INFO: Transcriber - Line 17: nine
2017-01-01/14:44:16.092  INFO: Transcriber - Line 18: six four eight
2017-01-01/14:44:16.111  INFO: Transcriber - Line 19: three
2017-01-01/14:44:16.123  INFO: Transcriber - Line 20: four
2017-01-01/14:44:16.134  INFO: Transcriber - Line 21: two
2017-01-01/14:44:16.145  INFO: Transcriber - Line 22: two
2017-01-01/14:44:16.167  INFO: Transcriber - Line 23: zero
2017-01-01/14:44:16.190  INFO: Transcriber - Line 24: nine
2017-01-01/14:44:16.207  INFO: Transcriber - Line 25: zero
2017-01-01/14:44:16.812  INFO: Transcriber - ****************************************
2017-01-01/14:44:16.812  INFO: Transcriber - Transcribing..  file:/web/stud/u1273400/src/data/digits/20160708-164214.wav
2017-01-01/14:44:16.812  INFO: Transcriber - ****************************************
2017-01-01/14:44:16.878  INFO: Transcriber - Line 1: two
2017-01-01/14:44:17.482  INFO: Transcriber - ****************************************
2017-01-01/14:44:17.483  INFO: Transcriber - Transcribing..  file:/web/stud/u1273400/src/data/digits/20160708-164235.wav
2017-01-01/14:44:17.483  INFO: Transcriber - ****************************************
2017-01-01/14:44:17.546  INFO: Transcriber - Line 1: eight three oh
2017-01-01/14:44:18.087  INFO: Transcriber - ****************************************
2017-01-01/14:44:18.087  INFO: Transcriber - Transcribing..  file:/web/stud/u1273400/src/data/digits/20160708-165146.wav
2017-01-01/14:44:18.087  INFO: Transcriber - ****************************************
2017-01-01/14:44:18.221  INFO: Transcriber - Line 1: two two eight five
2017-01-01/14:44:18.827  INFO: Transcriber - ****************************************
2017-01-01/14:44:18.827  INFO: Transcriber - Transcribing..  file:/web/stud/u1273400/src/data/digits/20160708-165103.wav
2017-01-01/14:44:18.828  INFO: Transcriber - ****************************************
2017-01-01/14:44:18.899  INFO: Transcriber - Line 1: six
2017-01-01/14:44:18.922  INFO: Transcriber - Line 2: seven
2017-01-01/14:44:18.943  INFO: Transcriber - Line 3: five
2017-01-01/14:44:19.496  INFO: Transcriber - ****************************************
2017-01-01/14:44:19.496  INFO: Transcriber - Transcribing..  file:/web/stud/u1273400/src/data/digits/20160708-165207.wav
2017-01-01/14:44:19.496  INFO: Transcriber - ****************************************
2017-01-01/14:44:19.621  INFO: Transcriber - Line 1: two
2017-01-01/14:44:20.162  INFO: Transcriber - ****************************************
2017-01-01/14:44:20.162  INFO: Transcriber - Transcribing..  file:/web/stud/u1273400/src/data/digits/20160708-171409.wav
2017-01-01/14:44:20.162  INFO: Transcriber - ****************************************
2017-01-01/14:44:20.349  INFO: Transcriber - Line 1: one
2017-01-01/14:44:20.891  INFO: Transcriber - ****************************************
2017-01-01/14:44:20.891  INFO: Transcriber - Transcribing..  file:/web/stud/u1273400/src/data/digits/20160708-164224.wav
2017-01-01/14:44:20.891  INFO: Transcriber - ****************************************
2017-01-01/14:44:20.981  INFO: Transcriber - Line 1: one seven three
2017-01-01/14:44:21.538  INFO: Transcriber - ****************************************
2017-01-01/14:44:21.538  INFO: Transcriber - Transcribing..  file:/web/stud/u1273400/src/data/digits/20160720-143907.wav
2017-01-01/14:44:21.538  INFO: Transcriber - ****************************************
2017-01-01/14:44:21.702  INFO: Transcriber - Line 1: five
2017-01-01/14:44:21.759  INFO: Transcriber - Line 2: four two two three
2017-01-01/14:44:21.780  INFO: Transcriber - Line 3: one
2017-01-01/14:44:21.848  INFO: Transcriber - Line 4: two two two two
2017-01-01/14:44:21.876  INFO: Transcriber - Line 5: nine
2017-01-01/14:44:21.890  INFO: Transcriber - Line 6: eight
2017-01-01/14:44:22.435  INFO: Transcriber - ****************************************
2017-01-01/14:44:22.435  INFO: Transcriber - Transcribing..  file:/web/stud/u1273400/src/data/digits/20160708-171612.wav
2017-01-01/14:44:22.435  INFO: Transcriber - ****************************************
2017-01-01/14:44:22.528  INFO: Transcriber - Line 1: eight eight five
2017-01-01/14:44:23.071  INFO: Transcriber - ****************************************
2017-01-01/14:44:23.071  INFO: Transcriber - Transcribing..  file:/web/stud/u1273400/src/data/digits/20160708-164138.wav
2017-01-01/14:44:23.071  INFO: Transcriber - ****************************************
2017-01-01/14:44:23.151  INFO: Transcriber - Line 1: oh
2017-01-01/14:44:23.695  INFO: Transcriber - ****************************************
2017-01-01/14:44:23.696  INFO: Transcriber - Transcribing..  file:/web/stud/u1273400/src/data/digits/20160708-164035.wav
2017-01-01/14:44:23.696  INFO: Transcriber - ****************************************
2017-01-01/14:44:23.794  INFO: Transcriber - Line 1: nine five
2017-01-01/14:44:24.505  INFO: Transcriber - ****************************************
2017-01-01/14:44:24.505  INFO: Transcriber - Transcribing..  file:/web/stud/u1273400/src/data/digits/20160708-165113.wav
2017-01-01/14:44:24.505  INFO: Transcriber - ****************************************
2017-01-01/14:44:24.592  INFO: Transcriber - Line 1: eight
2017-01-01/14:44:24.611  INFO: Transcriber - Line 2: nine
2017-01-01/14:44:25.358  INFO: Transcriber - ****************************************
2017-01-01/14:44:25.358  INFO: Transcriber - Transcribing..  file:/web/stud/u1273400/src/data/digits/20160708-164156.wav
2017-01-01/14:44:25.358  INFO: Transcriber - ****************************************
2017-01-01/14:44:25.432  INFO: Transcriber - Line 1: nine
2017-01-01/14:44:26.167  INFO: Transcriber - ****************************************
2017-01-01/14:44:26.167  INFO: Transcriber - Transcribing..  file:/web/stud/u1273400/src/data/digits/20160708-164005.wav
2017-01-01/14:44:26.167  INFO: Transcriber - ****************************************
2017-01-01/14:44:26.327  INFO: Transcriber - Line 1: 
2017-01-01/14:44:26.378  INFO: Transcriber - Line 2: one three two
2017-01-01/14:44:26.920  INFO: Transcriber - ****************************************
2017-01-01/14:44:26.920  INFO: Transcriber - Transcribing..  file:/web/stud/u1273400/src/data/digits/20160708-165157.wav
2017-01-01/14:44:26.920  INFO: Transcriber - ****************************************
2017-01-01/14:44:27.079  INFO: Transcriber - Line 1: two nine zero two eight
2017-01-01/14:44:27.620  INFO: Transcriber - ****************************************
2017-01-01/14:44:27.620  INFO: Transcriber - Transcribing..  file:/web/stud/u1273400/src/data/digits/20160708-171553.wav
2017-01-01/14:44:27.620  INFO: Transcriber - ****************************************
2017-01-01/14:44:27.704  INFO: Transcriber - Line 1: one eight five
2017-01-01/14:44:27.734  INFO: Transcriber - Line 2: 
2017-01-01/14:44:28.292  INFO: Transcriber - ****************************************
2017-01-01/14:44:28.292  INFO: Transcriber - Transcribing..  file:/web/stud/u1273400/src/data/digits/20160710-183918.wav
2017-01-01/14:44:28.292  INFO: Transcriber - ****************************************
2017-01-01/14:44:28.395  INFO: Transcriber - Line 1: oh four four
2017-01-01/14:44:28.437  INFO: Transcriber - Line 2: three two two
2017-01-01/14:44:28.467  INFO: Transcriber - Line 3: one one one
2017-01-01/14:44:28.505  INFO: Transcriber - Line 4: two two two
2017-01-01/14:44:28.551  INFO: Transcriber - Line 5: zero zero zero
2017-01-01/14:44:28.596  INFO: Transcriber - Line 6: nine nine nine
2017-01-01/14:44:28.640  INFO: Transcriber - Line 7: seven seven seven
2017-01-01/14:44:28.698  INFO: Transcriber - Line 8: seven six six
2017-01-01/14:44:28.750  INFO: Transcriber - Line 9: five five four
2017-01-01/14:44:29.291  INFO: Transcriber - ****************************************
2017-01-01/14:44:29.291  INFO: Transcriber - Transcribing..  file:/web/stud/u1273400/src/data/digits/combined_record.wav
2017-01-01/14:44:29.292  INFO: Transcriber - ****************************************
2017-01-01/14:44:29.374  INFO: Transcriber - Line 1: 
2017-01-01/14:44:29.518  INFO: Transcriber - Line 2: one three two eight five one eight
2017-01-01/14:44:29.586  INFO: Transcriber - Line 3: six seven
2017-01-01/14:44:29.665  INFO: Transcriber - Line 4: five two five two oh
2017-01-01/14:44:29.726  INFO: Transcriber - Line 5: five three one
2017-01-01/14:44:29.806  INFO: Transcriber - Line 6: three two eight nine
2017-01-01/14:44:29.898  INFO: Transcriber - Line 7: zero zero eight
2017-01-01/14:44:29.968  INFO: Transcriber - Line 8: five two
2017-01-01/14:44:30.062  INFO: Transcriber - Line 9: one seven three
2017-01-01/14:44:30.155  INFO: Transcriber - Line 10: six nine oh
2017-01-01/14:44:30.246  INFO: Transcriber - Line 11: one
2017-01-01/14:44:30.264  INFO: Transcriber - Line 12: three
2017-01-01/14:44:30.273  INFO: Transcriber - Line 13: two
2017-01-01/14:44:30.334  INFO: Transcriber - Line 14: six
2017-01-01/14:44:30.354  INFO: Transcriber - Line 15: seven
2017-01-01/14:44:30.374  INFO: Transcriber - Line 16: five
2017-01-01/14:44:30.446  INFO: Transcriber - Line 17: 
2017-01-01/14:44:30.475  INFO: Transcriber - Line 18: eight
2017-01-01/14:44:30.498  INFO: Transcriber - Line 19: nine
2017-01-01/14:44:30.636  INFO: Transcriber - Line 20: seven four eight two
2017-01-01/14:44:30.702  INFO: Transcriber - Line 21: oh
2017-01-01/14:44:30.717  INFO: Transcriber - Line 22: three
2017-01-01/14:44:30.730  INFO: Transcriber - Line 23: one
2017-01-01/14:44:30.838  INFO: Transcriber - Line 24: two two eight five
2017-01-01/14:44:30.951  INFO: Transcriber - Line 25: zero two zero two eight
2017-01-01/14:44:31.029  INFO: Transcriber - Line 26: four eight two two
2017-01-01/14:44:31.104  INFO: Transcriber - Line 27: one
2017-01-01/14:44:31.142  INFO: Transcriber - Line 28: seven one
2017-01-01/14:44:31.188  INFO: Transcriber - Line 29: six
2017-01-01/14:44:31.206  INFO: Transcriber - Line 30: zero
2017-01-01/14:44:31.414  INFO: Transcriber - Line 31: zero eight
2017-01-01/14:44:31.703  INFO: Transcriber - Line 32: nine five six one one eight one
2017-01-01/14:44:31.948  INFO: Transcriber - Line 33: eight one oh two five one
2017-01-01/14:44:32.150  INFO: Transcriber - Line 34: five eight
2017-01-01/14:44:32.429  INFO: Transcriber - Line 35: three nine eight two nine one three four one nine eight
2017-01-01/14:44:32.469  INFO: Transcriber - Line 36: oh eight four
2017-01-01/14:44:32.481  INFO: Transcriber - Line 37: four
2017-01-01/14:44:32.511  INFO: Transcriber - Line 38: seven eight three
2017-01-01/14:44:32.523  INFO: Transcriber - Line 39: one
2017-01-01/14:44:32.542  INFO: Transcriber - Line 40: zero
2017-01-01/14:44:32.583  INFO: Transcriber - Line 41: zero two
2017-01-01/14:44:32.593  INFO: Transcriber - Line 42: four
2017-01-01/14:44:32.605  INFO: Transcriber - Line 43: seven
2017-01-01/14:44:32.616  INFO: Transcriber - Line 44: seven
2017-01-01/14:44:32.625  INFO: Transcriber - Line 45: four
2017-01-01/14:44:32.637  INFO: Transcriber - Line 46: nine
2017-01-01/14:44:32.646  INFO: Transcriber - Line 47: two
2017-01-01/14:44:32.660  INFO: Transcriber - Line 48: nine
2017-01-01/14:44:32.671  INFO: Transcriber - Line 49: zero
2017-01-01/14:44:32.681  INFO: Transcriber - Line 50: nine
2017-01-01/14:44:32.695  INFO: Transcriber - Line 51: six
2017-01-01/14:44:32.707  INFO: Transcriber - Line 52: three
2017-01-01/14:44:32.721  INFO: Transcriber - Line 53: three
2017-01-01/14:44:32.733  INFO: Transcriber - Line 54: four
2017-01-01/14:44:32.744  INFO: Transcriber - Line 55: two
2017-01-01/14:44:32.754  INFO: Transcriber - Line 56: two
2017-01-01/14:44:32.768  INFO: Transcriber - Line 57: zero
2017-01-01/14:44:32.785  INFO: Transcriber - Line 58: nine
2017-01-01/14:44:32.798  INFO: Transcriber - Line 59: zero
2017-01-01/14:44:32.864  INFO: Transcriber - Line 60: one one seven
2017-01-01/14:44:32.920  INFO: Transcriber - Line 61: seven three two nine
2017-01-01/14:44:32.978  INFO: Transcriber - Line 62: six six five oh
2017-01-01/14:44:33.034  INFO: Transcriber - Line 63: one one three
2017-01-01/14:44:33.084  INFO: Transcriber - Line 64: zero four two zero
2017-01-01/14:44:33.124  INFO: Transcriber - Line 65: five eight three
2017-01-01/14:44:33.170  INFO: Transcriber - Line 66: six two eight four
2017-01-01/14:44:33.221  INFO: Transcriber - Line 67: nine one seven oh
2017-01-01/14:44:33.276  INFO: Transcriber - Line 68: one five five eight
2017-01-01/14:44:33.322  INFO: Transcriber - Line 69: six zero one
2017-01-01/14:44:33.402  INFO: Transcriber - Line 70: oh four four
2017-01-01/14:44:33.446  INFO: Transcriber - Line 71: three two two
2017-01-01/14:44:33.477  INFO: Transcriber - Line 72: one one one
2017-01-01/14:44:33.511  INFO: Transcriber - Line 73: two two two
2017-01-01/14:44:33.609  INFO: Transcriber - Line 74: zero zero zero one nine nine
2017-01-01/14:44:33.644  INFO: Transcriber - Line 75: seven seven seven
2017-01-01/14:44:33.685  INFO: Transcriber - Line 76: seven six six
2017-01-01/14:44:33.729  INFO: Transcriber - Line 77: five one four
2017-01-01/14:44:33.779  INFO: Transcriber - Line 78: nine one one
2017-01-01/14:44:33.810  INFO: Transcriber - Line 79: seven eight three
2017-01-01/14:44:33.821  INFO: Transcriber - Line 80: one
2017-01-01/14:44:33.839  INFO: Transcriber - Line 81: zero
2017-01-01/14:44:33.856  INFO: Transcriber - Line 82: zero
2017-01-01/14:44:33.873  INFO: Transcriber - Line 83: zero
2017-01-01/14:44:33.883  INFO: Transcriber - Line 84: four
2017-01-01/14:44:33.895  INFO: Transcriber - Line 85: seven
2017-01-01/14:44:33.907  INFO: Transcriber - Line 86: seven
2017-01-01/14:44:33.915  INFO: Transcriber - Line 87: four
2017-01-01/14:44:33.928  INFO: Transcriber - Line 88: nine
2017-01-01/14:44:33.937  INFO: Transcriber - Line 89: two
2017-01-01/14:44:33.950  INFO: Transcriber - Line 90: nine
2017-01-01/14:44:33.961  INFO: Transcriber - Line 91: zero
2017-01-01/14:44:33.971  INFO: Transcriber - Line 92: nine
2017-01-01/14:44:34.005  INFO: Transcriber - Line 93: six four eight
2017-01-01/14:44:34.020  INFO: Transcriber - Line 94: three
2017-01-01/14:44:34.032  INFO: Transcriber - Line 95: four
2017-01-01/14:44:34.043  INFO: Transcriber - Line 96: two
2017-01-01/14:44:34.054  INFO: Transcriber - Line 97: two
2017-01-01/14:44:34.068  INFO: Transcriber - Line 98: zero
2017-01-01/14:44:34.084  INFO: Transcriber - Line 99: nine
2017-01-01/14:44:34.191  INFO: Transcriber - Line 100: zero four one one four eight three three
2017-01-01/14:44:34.215  INFO: Transcriber - Line 101: one one
2017-01-01/14:44:34.288  INFO: Transcriber - Line 102: two two two two
2017-01-01/14:44:34.317  INFO: Transcriber - Line 103: nine
2017-01-01/14:44:34.331  INFO: Transcriber - Line 104: eight
2017-01-01/14:44:34.356  INFO: Transcriber - Line 105: zero eight one
2017-01-01/14:44:34.443  INFO: Transcriber - Line 106: eight one oh two eight
2017-01-01/14:44:34.482  INFO: Transcriber - Line 107: nine
2017-01-01/14:44:34.517  INFO: Transcriber - Line 108: one eight
2017-01-01/14:44:34.585  INFO: Transcriber - Line 109: seven eight
2017-01-01/14:44:34.657  INFO: Transcriber - Line 110: eight one one two two
2017-01-01/14:44:34.673  INFO: Transcriber - Line 111: 
2017-01-01/14:44:34.708  INFO: Transcriber - Line 112: one
2017-01-01/14:44:34.739  INFO: Transcriber - Line 113: nine eight
2017-01-01/14:44:34.809  INFO: Transcriber - Line 114: five
2017-01-01/14:44:34.834  INFO: Transcriber - Line 115: two
2017-01-01/14:44:34.876  INFO: Transcriber - Line 116: two two
2017-01-01/14:44:34.895  INFO: Transcriber - Line 117: two
2017-01-01/14:44:34.920  INFO: Transcriber - Line 118: two nine
2017-01-01/14:44:34.933  INFO: Transcriber - Line 119: one
2017-01-01/14:44:34.979  INFO: Transcriber - Line 120: 
2017-01-01/14:44:34.994  INFO: Transcriber - Line 121: 
2017-01-01/14:44:35.053  INFO: Transcriber - Line 122: one one one one
2017-01-01/14:44:35.178  INFO: Transcriber - Line 123: one oh two two eight nine oh eight nine
2017-01-01/14:44:35.214  INFO: Transcriber - Line 124: zero
2017-01-01/14:44:35.270  INFO: Transcriber - Line 125: one six oh zero
2017-01-01/14:44:35.305  INFO: Transcriber - Line 126: two three eight
2017-01-01/14:44:35.349  INFO: Transcriber - Line 127: eight two two
2017-01-01/14:44:35.407  INFO: Transcriber - Line 128: six one four
2017-01-01/14:44:35.448  INFO: Transcriber - Line 129: oh nine eight three
2017-01-01/14:44:35.477  INFO: Transcriber - Line 130: three eight two
2017-01-01/14:44:35.501  INFO: Transcriber - Line 131: two two
2017-01-01/14:44:35.549  INFO: Transcriber - Line 132: four one
2017-01-01/14:44:36.090  INFO: Transcriber - ****************************************
2017-01-01/14:44:36.090  INFO: Transcriber - Transcribing..  file:/web/stud/u1273400/src/data/digits/20160708-164147.wav
2017-01-01/14:44:36.090  INFO: Transcriber - ****************************************
2017-01-01/14:44:36.134  INFO: Transcriber - Line 1: four oh eight one
2017-01-01/14:44:36.693  INFO: Transcriber - ****************************************
2017-01-01/14:44:36.693  INFO: Transcriber - Transcribing..  file:/web/stud/u1273400/src/data/digits/20160708-185848.wav
2017-01-01/14:44:36.693  INFO: Transcriber - ****************************************
2017-01-01/14:44:36.816  INFO: Transcriber - Line 1: eight five one
