2017-01-01/19:34:54.092  INFO: Transcriber - ****************************************
2017-01-01/19:34:54.092  INFO: Transcriber - Transcribing..  file:/web/stud/u1273400/src/data/digits/F1_675.wav
2017-01-01/19:34:54.093  INFO: Transcriber - ****************************************
2017-01-01/19:34:54.298  INFO: Transcriber - Line 1: seven
2017-01-01/19:34:54.313  INFO: Transcriber - Line 2: five
2017-01-01/19:34:55.416  INFO: Transcriber - ****************************************
2017-01-01/19:34:55.416  INFO: Transcriber - Transcribing..  file:/web/stud/u1273400/src/data/digits/M7_544731080047748982509633422090.wav
2017-01-01/19:34:55.416  INFO: Transcriber - ****************************************
2017-01-01/19:34:55.467  INFO: Transcriber - Line 1: oh eight one
2017-01-01/19:34:55.480  INFO: Transcriber - Line 2: oh
2017-01-01/19:34:55.521  INFO: Transcriber - Line 3: seven eight three
2017-01-01/19:34:55.534  INFO: Transcriber - Line 4: one
2017-01-01/19:34:55.555  INFO: Transcriber - Line 5: two
2017-01-01/19:34:55.613  INFO: Transcriber - Line 6: zero two
2017-01-01/19:34:55.623  INFO: Transcriber - Line 7: four
2017-01-01/19:34:55.638  INFO: Transcriber - Line 8: seven
2017-01-01/19:34:55.652  INFO: Transcriber - Line 9: seven
2017-01-01/19:34:55.663  INFO: Transcriber - Line 10: four
2017-01-01/19:34:55.678  INFO: Transcriber - Line 11: nine
2017-01-01/19:34:55.688  INFO: Transcriber - Line 12: two
2017-01-01/19:34:55.703  INFO: Transcriber - Line 13: nine
2017-01-01/19:34:55.716  INFO: Transcriber - Line 14: zero
2017-01-01/19:34:55.728  INFO: Transcriber - Line 15: nine
2017-01-01/19:34:55.767  INFO: Transcriber - Line 16: six four eight
2017-01-01/19:34:55.785  INFO: Transcriber - Line 17: three
2017-01-01/19:34:55.800  INFO: Transcriber - Line 18: four
2017-01-01/19:34:55.814  INFO: Transcriber - Line 19: two
2017-01-01/19:34:55.828  INFO: Transcriber - Line 20: two
2017-01-01/19:34:55.847  INFO: Transcriber - Line 21: zero
2017-01-01/19:34:55.870  INFO: Transcriber - Line 22: nine
2017-01-01/19:34:55.888  INFO: Transcriber - Line 23: zero
2017-01-01/19:34:56.741  INFO: Transcriber - ****************************************
2017-01-01/19:34:56.741  INFO: Transcriber - Transcribing..  file:/web/stud/u1273400/src/data/digits/M2_419_20160708-185940.wav
2017-01-01/19:34:56.742  INFO: Transcriber - ****************************************
2017-01-01/19:34:56.866  INFO: Transcriber - Line 1: oh two nine eight
2017-01-01/19:34:57.440  INFO: Transcriber - ****************************************
2017-01-01/19:34:57.440  INFO: Transcriber - Transcribing..  file:/web/stud/u1273400/src/data/digits/F3_20160710-110642.wav
2017-01-01/19:34:57.440  INFO: Transcriber - ****************************************
2017-01-01/19:34:57.471  INFO: Transcriber - Line 1: 
2017-01-01/19:34:57.560  INFO: Transcriber - Line 2: eight eight zero three
2017-01-01/19:34:57.622  INFO: Transcriber - Line 3: one one seven
2017-01-01/19:34:57.687  INFO: Transcriber - Line 4: seven three two nine
2017-01-01/19:34:57.759  INFO: Transcriber - Line 5: six six nine
2017-01-01/19:34:57.777  INFO: Transcriber - Line 6: one
2017-01-01/19:34:57.809  INFO: Transcriber - Line 7: two two
2017-01-01/19:34:57.860  INFO: Transcriber - Line 8: zero four two zero
2017-01-01/19:34:57.904  INFO: Transcriber - Line 9: five eight three
2017-01-01/19:34:57.956  INFO: Transcriber - Line 10: six two eight four
2017-01-01/19:34:58.011  INFO: Transcriber - Line 11: nine one seven oh
2017-01-01/19:34:58.068  INFO: Transcriber - Line 12: one five five eight
2017-01-01/19:34:58.112  INFO: Transcriber - Line 13: six zero one
2017-01-01/19:34:58.807  INFO: Transcriber - ****************************************
2017-01-01/19:34:58.807  INFO: Transcriber - Transcribing..  file:/web/stud/u1273400/src/data/digits/M2_483_20160708-185859.wav
2017-01-01/19:34:58.808  INFO: Transcriber - ****************************************
2017-01-01/19:34:58.988  INFO: Transcriber - Line 1: five eight
2017-01-01/19:34:59.651  INFO: Transcriber - ****************************************
2017-01-01/19:34:59.651  INFO: Transcriber - Transcribing..  file:/web/stud/u1273400/src/data/digits/F2_956_20160708-171604.wav
2017-01-01/19:34:59.651  INFO: Transcriber - ****************************************
2017-01-01/19:34:59.767  INFO: Transcriber - Line 1: eight
2017-01-01/19:35:00.319  INFO: Transcriber - ****************************************
2017-01-01/19:35:00.320  INFO: Transcriber - Transcribing..  file:/web/stud/u1273400/src/data/digits/M2_654_20160708-185848.wav
2017-01-01/19:35:00.320  INFO: Transcriber - ****************************************
2017-01-01/19:35:00.449  INFO: Transcriber - Line 1: eight five one
2017-01-01/19:35:01.079  INFO: Transcriber - ****************************************
2017-01-01/19:35:01.080  INFO: Transcriber - Transcribing..  file:/web/stud/u1273400/src/data/digits/M1_898_20160708-165113.wav
2017-01-01/19:35:01.080  INFO: Transcriber - ****************************************
2017-01-01/19:35:01.170  INFO: Transcriber - Line 1: eight
2017-01-01/19:35:01.190  INFO: Transcriber - Line 2: nine
2017-01-01/19:35:01.742  INFO: Transcriber - ****************************************
2017-01-01/19:35:01.743  INFO: Transcriber - Transcribing..  file:/web/stud/u1273400/src/data/digits/F1_50.wav
2017-01-01/19:35:01.743  INFO: Transcriber - ****************************************
2017-01-01/19:35:01.796  INFO: Transcriber - Line 1: oh
2017-01-01/19:35:02.355  INFO: Transcriber - ****************************************
2017-01-01/19:35:02.355  INFO: Transcriber - Transcribing..  file:/web/stud/u1273400/src/data/digits/F1_389_20160708-164156.wav
2017-01-01/19:35:02.355  INFO: Transcriber - ****************************************
2017-01-01/19:35:02.432  INFO: Transcriber - Line 1: nine
2017-01-01/19:35:03.228  INFO: Transcriber - ****************************************
2017-01-01/19:35:03.228  INFO: Transcriber - Transcribing..  file:/web/stud/u1273400/src/data/digits/F1_173_20160708-164224.wav
2017-01-01/19:35:03.228  INFO: Transcriber - ****************************************
2017-01-01/19:35:03.334  INFO: Transcriber - Line 1: one seven three
2017-01-01/19:35:04.084  INFO: Transcriber - ****************************************
2017-01-01/19:35:04.084  INFO: Transcriber - Transcribing..  file:/web/stud/u1273400/src/data/digits/F1_522_20160708-164214.wav
2017-01-01/19:35:04.084  INFO: Transcriber - ****************************************
2017-01-01/19:35:04.165  INFO: Transcriber - Line 1: two
2017-01-01/19:35:04.863  INFO: Transcriber - ****************************************
2017-01-01/19:35:04.864  INFO: Transcriber - Transcribing..  file:/web/stud/u1273400/src/data/digits/F1_431.wav
2017-01-01/19:35:04.864  INFO: Transcriber - ****************************************
2017-01-01/19:35:04.908  INFO: Transcriber - Line 1: four oh eight one
2017-01-01/19:35:05.455  INFO: Transcriber - ****************************************
2017-01-01/19:35:05.455  INFO: Transcriber - Transcribing..  file:/web/stud/u1273400/src/data/digits/M1_20160708-171409.wav
2017-01-01/19:35:05.455  INFO: Transcriber - ****************************************
2017-01-01/19:35:05.622  INFO: Transcriber - Line 1: one
2017-01-01/19:35:06.169  INFO: Transcriber - ****************************************
2017-01-01/19:35:06.169  INFO: Transcriber - Transcribing..  file:/web/stud/u1273400/src/data/digits/M1_008_20160708-165157.wav
2017-01-01/19:35:06.169  INFO: Transcriber - ****************************************
2017-01-01/19:35:06.286  INFO: Transcriber - Line 1: two nine zero two eight
2017-01-01/19:35:06.864  INFO: Transcriber - ****************************************
2017-01-01/19:35:06.864  INFO: Transcriber - Transcribing..  file:/web/stud/u1273400/src/data/digits/F4_20160710-183918.wav
2017-01-01/19:35:06.864  INFO: Transcriber - ****************************************
2017-01-01/19:35:06.945  INFO: Transcriber - Line 1: oh four four
2017-01-01/19:35:06.982  INFO: Transcriber - Line 2: three two two
2017-01-01/19:35:07.010  INFO: Transcriber - Line 3: one one one
2017-01-01/19:35:07.041  INFO: Transcriber - Line 4: two two two
2017-01-01/19:35:07.083  INFO: Transcriber - Line 5: zero zero zero
2017-01-01/19:35:07.117  INFO: Transcriber - Line 6: nine nine nine
2017-01-01/19:35:07.148  INFO: Transcriber - Line 7: seven seven seven
2017-01-01/19:35:07.191  INFO: Transcriber - Line 8: seven six six
2017-01-01/19:35:07.233  INFO: Transcriber - Line 9: five five four
2017-01-01/19:35:07.871  INFO: Transcriber - ****************************************
2017-01-01/19:35:07.871  INFO: Transcriber - Transcribing..  file:/web/stud/u1273400/src/data/digits/M5_20160720-143907.wav
2017-01-01/19:35:07.871  INFO: Transcriber - ****************************************
2017-01-01/19:35:08.018  INFO: Transcriber - Line 1: five
2017-01-01/19:35:08.068  INFO: Transcriber - Line 2: four two two three
2017-01-01/19:35:08.088  INFO: Transcriber - Line 3: one
2017-01-01/19:35:08.159  INFO: Transcriber - Line 4: two two two two
2017-01-01/19:35:08.189  INFO: Transcriber - Line 5: nine
2017-01-01/19:35:08.204  INFO: Transcriber - Line 6: eight
2017-01-01/19:35:08.753  INFO: Transcriber - ****************************************
2017-01-01/19:35:08.753  INFO: Transcriber - Transcribing..  file:/web/stud/u1273400/src/data/digits/M1_522_20160708-165207.wav
2017-01-01/19:35:08.753  INFO: Transcriber - ****************************************
2017-01-01/19:35:08.825  INFO: Transcriber - Line 1: two
2017-01-01/19:35:09.372  INFO: Transcriber - ****************************************
2017-01-01/19:35:09.372  INFO: Transcriber - Transcribing..  file:/web/stud/u1273400/src/data/digits/F2_134_20160708-171553.wav
2017-01-01/19:35:09.372  INFO: Transcriber - ****************************************
2017-01-01/19:35:09.474  INFO: Transcriber - Line 1: one eight five
2017-01-01/19:35:09.511  INFO: Transcriber - Line 2: 
2017-01-01/19:35:10.057  INFO: Transcriber - ****************************************
2017-01-01/19:35:10.057  INFO: Transcriber - Transcribing..  file:/web/stud/u1273400/src/data/digits/M1_675_20160708-165103.wav
2017-01-01/19:35:10.057  INFO: Transcriber - ****************************************
2017-01-01/19:35:10.104  INFO: Transcriber - Line 1: six
2017-01-01/19:35:10.127  INFO: Transcriber - Line 2: seven
2017-01-01/19:35:10.147  INFO: Transcriber - Line 3: five
2017-01-01/19:35:10.692  INFO: Transcriber - ****************************************
2017-01-01/19:35:10.692  INFO: Transcriber - Transcribing..  file:/web/stud/u1273400/src/data/digits/M1_680_20160708-165227.wav
2017-01-01/19:35:10.692  INFO: Transcriber - ****************************************
2017-01-01/19:35:10.739  INFO: Transcriber - Line 1: six
2017-01-01/19:35:10.760  INFO: Transcriber - Line 2: zero
2017-01-01/19:35:11.350  INFO: Transcriber - ****************************************
2017-01-01/19:35:11.350  INFO: Transcriber - Transcribing..  file:/web/stud/u1273400/src/data/digits/M3_20160710-110534.wav
2017-01-01/19:35:11.350  INFO: Transcriber - ****************************************
2017-01-01/19:35:11.439  INFO: Transcriber - Line 1: one
2017-01-01/19:35:11.508  INFO: Transcriber - Line 2: seven six three
2017-01-01/19:35:11.550  INFO: Transcriber - Line 3: oh eight four
2017-01-01/19:35:11.565  INFO: Transcriber - Line 4: four
2017-01-01/19:35:11.601  INFO: Transcriber - Line 5: seven eight three
2017-01-01/19:35:11.615  INFO: Transcriber - Line 6: one
2017-01-01/19:35:11.637  INFO: Transcriber - Line 7: zero
2017-01-01/19:35:11.687  INFO: Transcriber - Line 8: zero two
2017-01-01/19:35:11.699  INFO: Transcriber - Line 9: four
2017-01-01/19:35:11.713  INFO: Transcriber - Line 10: seven
2017-01-01/19:35:11.727  INFO: Transcriber - Line 11: seven
2017-01-01/19:35:11.738  INFO: Transcriber - Line 12: four
2017-01-01/19:35:11.754  INFO: Transcriber - Line 13: nine
2017-01-01/19:35:11.765  INFO: Transcriber - Line 14: two
2017-01-01/19:35:11.781  INFO: Transcriber - Line 15: nine
2017-01-01/19:35:11.795  INFO: Transcriber - Line 16: zero
2017-01-01/19:35:11.808  INFO: Transcriber - Line 17: nine
2017-01-01/19:35:11.847  INFO: Transcriber - Line 18: six four eight
2017-01-01/19:35:11.866  INFO: Transcriber - Line 19: three
2017-01-01/19:35:11.894  INFO: Transcriber - Line 20: four
2017-01-01/19:35:11.907  INFO: Transcriber - Line 21: two
2017-01-01/19:35:11.919  INFO: Transcriber - Line 22: two
2017-01-01/19:35:11.937  INFO: Transcriber - Line 23: zero
2017-01-01/19:35:11.960  INFO: Transcriber - Line 24: nine
2017-01-01/19:35:11.979  INFO: Transcriber - Line 25: zero
2017-01-01/19:35:12.721  INFO: Transcriber - ****************************************
2017-01-01/19:35:12.721  INFO: Transcriber - Transcribing..  file:/web/stud/u1273400/src/data/digits/F2_072_20160708-171538.wav
2017-01-01/19:35:12.721  INFO: Transcriber - ****************************************
2017-01-01/19:35:12.835  INFO: Transcriber - Line 1: zero eight
2017-01-01/19:35:13.582  INFO: Transcriber - ****************************************
2017-01-01/19:35:13.582  INFO: Transcriber - Transcribing..  file:/web/stud/u1273400/src/data/digits/M1_173_20160708-165215.wav
2017-01-01/19:35:13.582  INFO: Transcriber - ****************************************
2017-01-01/19:35:13.677  INFO: Transcriber - Line 1: one
2017-01-01/19:35:13.724  INFO: Transcriber - Line 2: seven one
2017-01-01/19:35:14.481  INFO: Transcriber - ****************************************
2017-01-01/19:35:14.481  INFO: Transcriber - Transcribing..  file:/web/stud/u1273400/src/data/digits/M1_389_20160708-165146.wav
2017-01-01/19:35:14.481  INFO: Transcriber - ****************************************
2017-01-01/19:35:14.629  INFO: Transcriber - Line 1: two two eight five
2017-01-01/19:35:15.391  INFO: Transcriber - ****************************************
2017-01-01/19:35:15.391  INFO: Transcriber - Transcribing..  file:/web/stud/u1273400/src/data/digits/F1_898.wav
2017-01-01/19:35:15.391  INFO: Transcriber - ****************************************
2017-01-01/19:35:15.459  INFO: Transcriber - Line 1: nine five
2017-01-01/19:35:16.002  INFO: Transcriber - ****************************************
2017-01-01/19:35:16.003  INFO: Transcriber - Transcribing..  file:/web/stud/u1273400/src/data/digits/F1_132.wav
2017-01-01/19:35:16.003  INFO: Transcriber - ****************************************
2017-01-01/19:35:16.170  INFO: Transcriber - Line 1: 
2017-01-01/19:35:16.225  INFO: Transcriber - Line 2: one three two
2017-01-01/19:35:16.771  INFO: Transcriber - ****************************************
2017-01-01/19:35:16.771  INFO: Transcriber - Transcribing..  file:/web/stud/u1273400/src/data/digits/M1_750_20160708-165124.wav
2017-01-01/19:35:16.771  INFO: Transcriber - ****************************************
2017-01-01/19:35:16.849  INFO: Transcriber - Line 1: seven oh
2017-01-01/19:35:16.893  INFO: Transcriber - Line 2: four eight two
2017-01-01/19:35:17.442  INFO: Transcriber - ****************************************
2017-01-01/19:35:17.442  INFO: Transcriber - Transcribing..  file:/web/stud/u1273400/src/data/digits/F1_680_20160708-164235.wav
2017-01-01/19:35:17.442  INFO: Transcriber - ****************************************
2017-01-01/19:35:17.508  INFO: Transcriber - Line 1: eight three oh
2017-01-01/19:35:18.055  INFO: Transcriber - ****************************************
2017-01-01/19:35:18.055  INFO: Transcriber - Transcribing..  file:/web/stud/u1273400/src/data/digits/F2_807_20160708-185833.wav
2017-01-01/19:35:18.056  INFO: Transcriber - ****************************************
2017-01-01/19:35:18.152  INFO: Transcriber - Line 1: eight two nine oh five
2017-01-01/19:35:18.696  INFO: Transcriber - ****************************************
2017-01-01/19:35:18.696  INFO: Transcriber - Transcribing..  file:/web/stud/u1273400/src/data/digits/M2_221_20160708-185930.wav
2017-01-01/19:35:18.696  INFO: Transcriber - ****************************************
2017-01-01/19:35:18.781  INFO: Transcriber - Line 1: one one five
2017-01-01/19:35:19.335  INFO: Transcriber - ****************************************
2017-01-01/19:35:19.335  INFO: Transcriber - Transcribing..  file:/web/stud/u1273400/src/data/digits/M2_329_20160708-185918.wav
2017-01-01/19:35:19.335  INFO: Transcriber - ****************************************
2017-01-01/19:35:19.455  INFO: Transcriber - Line 1: two three
2017-01-01/19:35:19.495  INFO: Transcriber - Line 2: eight two nine
2017-01-01/19:35:20.050  INFO: Transcriber - ****************************************
2017-01-01/19:35:20.051  INFO: Transcriber - Transcribing..  file:/web/stud/u1273400/src/data/digits/M4_20160720-111057.wav
2017-01-01/19:35:20.051  INFO: Transcriber - ****************************************
2017-01-01/19:35:20.066  INFO: Transcriber - Line 1: 
2017-01-01/19:35:20.093  INFO: Transcriber - Line 2: eight one
2017-01-01/19:35:20.196  INFO: Transcriber - Line 3: one one oh eight nine
2017-01-01/19:35:20.232  INFO: Transcriber - Line 4: zero one one
2017-01-01/19:35:20.283  INFO: Transcriber - Line 5: one six oh zero
2017-01-01/19:35:20.311  INFO: Transcriber - Line 6: two three eight
2017-01-01/19:35:20.352  INFO: Transcriber - Line 7: eight two two
2017-01-01/19:35:20.402  INFO: Transcriber - Line 8: six one four
2017-01-01/19:35:20.444  INFO: Transcriber - Line 9: oh nine eight three
2017-01-01/19:35:20.475  INFO: Transcriber - Line 10: three eight two
2017-01-01/19:35:20.499  INFO: Transcriber - Line 11: two two
2017-01-01/19:35:20.541  INFO: Transcriber - Line 12: four one
2017-01-01/19:35:21.103  INFO: Transcriber - ****************************************
2017-01-01/19:35:21.103  INFO: Transcriber - Transcribing..  file:/web/stud/u1273400/src/data/digits/M1_431_20160708-165135.wav
2017-01-01/19:35:21.103  INFO: Transcriber - ****************************************
2017-01-01/19:35:21.182  INFO: Transcriber - Line 1: four oh
2017-01-01/19:35:21.198  INFO: Transcriber - Line 2: three
2017-01-01/19:35:21.216  INFO: Transcriber - Line 3: one
2017-01-01/19:35:21.811  INFO: Transcriber - ****************************************
2017-01-01/19:35:21.811  INFO: Transcriber - Transcribing..  file:/web/stud/u1273400/src/data/digits/F2_822_20160708-171612.wav
2017-01-01/19:35:21.811  INFO: Transcriber - ****************************************
2017-01-01/19:35:21.893  INFO: Transcriber - Line 1: eight eight five
2017-01-01/19:35:22.439  INFO: Transcriber - ****************************************
2017-01-01/19:35:22.439  INFO: Transcriber - Transcribing..  file:/web/stud/u1273400/src/data/digits/M6_20160720-143320.wav
2017-01-01/19:35:22.440  INFO: Transcriber - ****************************************
2017-01-01/19:35:22.468  INFO: Transcriber - Line 1: two
2017-01-01/19:35:22.539  INFO: Transcriber - Line 2: two one eight
2017-01-01/19:35:22.573  INFO: Transcriber - Line 3: nine
2017-01-01/19:35:22.600  INFO: Transcriber - Line 4: one eight
2017-01-01/19:35:22.644  INFO: Transcriber - Line 5: seven eight
2017-01-01/19:35:22.713  INFO: Transcriber - Line 6: oh zero one one eight
2017-01-01/19:35:22.785  INFO: Transcriber - Line 7: two five
2017-01-01/19:35:22.801  INFO: Transcriber - Line 8: 
2017-01-01/19:35:22.836  INFO: Transcriber - Line 9: one one
2017-01-01/19:35:22.866  INFO: Transcriber - Line 10: nine eight
2017-01-01/19:35:22.907  INFO: Transcriber - Line 11: seven
2017-01-01/19:35:22.983  INFO: Transcriber - Line 12: five
2017-01-01/19:35:23.007  INFO: Transcriber - Line 13: two
2017-01-01/19:35:23.051  INFO: Transcriber - Line 14: two two
2017-01-01/19:35:23.069  INFO: Transcriber - Line 15: 
2017-01-01/19:35:23.096  INFO: Transcriber - Line 16: two nine
2017-01-01/19:35:23.125  INFO: Transcriber - Line 17: two two
2017-01-01/19:35:23.158  INFO: Transcriber - Line 18: 
2017-01-01/19:35:23.703  INFO: Transcriber - ****************************************
2017-01-01/19:35:23.704  INFO: Transcriber - Transcribing..  file:/web/stud/u1273400/src/data/digits/M1_132_20160708-165051.wav
2017-01-01/19:35:23.704  INFO: Transcriber - ****************************************
2017-01-01/19:35:23.792  INFO: Transcriber - Line 1: one
2017-01-01/19:35:23.814  INFO: Transcriber - Line 2: three
2017-01-01/19:35:23.823  INFO: Transcriber - Line 3: two
2017-01-01/19:35:24.371  INFO: Transcriber - ****************************************
2017-01-01/19:35:24.371  INFO: Transcriber - Transcribing..  file:/web/stud/u1273400/src/data/digits/F1_008_20160708-164205.wav
2017-01-01/19:35:24.371  INFO: Transcriber - ****************************************
2017-01-01/19:35:24.436  INFO: Transcriber - Line 1: three oh eight
2017-01-01/19:35:24.981  INFO: Transcriber - ****************************************
2017-01-01/19:35:24.982  INFO: Transcriber - Transcribing..  file:/web/stud/u1273400/src/data/digits/combined_record.wav
2017-01-01/19:35:24.982  INFO: Transcriber - ****************************************
2017-01-01/19:35:25.042  INFO: Transcriber - Line 1: 
2017-01-01/19:35:25.164  INFO: Transcriber - Line 2: one three two eight five one eight
2017-01-01/19:35:25.230  INFO: Transcriber - Line 3: six seven
2017-01-01/19:35:25.300  INFO: Transcriber - Line 4: five two five two oh
2017-01-01/19:35:25.346  INFO: Transcriber - Line 5: five three one
2017-01-01/19:35:25.408  INFO: Transcriber - Line 6: three two eight nine
2017-01-01/19:35:25.489  INFO: Transcriber - Line 7: zero zero eight
2017-01-01/19:35:25.543  INFO: Transcriber - Line 8: five two
2017-01-01/19:35:25.634  INFO: Transcriber - Line 9: one seven three
2017-01-01/19:35:25.729  INFO: Transcriber - Line 10: six nine oh
2017-01-01/19:35:25.813  INFO: Transcriber - Line 11: one
2017-01-01/19:35:25.829  INFO: Transcriber - Line 12: three
2017-01-01/19:35:25.837  INFO: Transcriber - Line 13: two
2017-01-01/19:35:25.891  INFO: Transcriber - Line 14: six
2017-01-01/19:35:25.909  INFO: Transcriber - Line 15: seven
2017-01-01/19:35:25.929  INFO: Transcriber - Line 16: five
2017-01-01/19:35:25.987  INFO: Transcriber - Line 17: 
2017-01-01/19:35:26.012  INFO: Transcriber - Line 18: eight
2017-01-01/19:35:26.032  INFO: Transcriber - Line 19: nine
2017-01-01/19:35:26.162  INFO: Transcriber - Line 20: seven four eight two
2017-01-01/19:35:26.228  INFO: Transcriber - Line 21: oh
2017-01-01/19:35:26.243  INFO: Transcriber - Line 22: three
2017-01-01/19:35:26.256  INFO: Transcriber - Line 23: one
2017-01-01/19:35:26.363  INFO: Transcriber - Line 24: two two eight five
2017-01-01/19:35:26.476  INFO: Transcriber - Line 25: zero two zero two eight
2017-01-01/19:35:26.550  INFO: Transcriber - Line 26: four eight two two
2017-01-01/19:35:26.623  INFO: Transcriber - Line 27: one
2017-01-01/19:35:26.660  INFO: Transcriber - Line 28: seven one
2017-01-01/19:35:26.706  INFO: Transcriber - Line 29: six
2017-01-01/19:35:26.724  INFO: Transcriber - Line 30: zero
2017-01-01/19:35:26.885  INFO: Transcriber - Line 31: zero eight
2017-01-01/19:35:27.122  INFO: Transcriber - Line 32: nine five six one one eight one
2017-01-01/19:35:27.343  INFO: Transcriber - Line 33: eight one oh two five one
2017-01-01/19:35:27.539  INFO: Transcriber - Line 34: five eight
2017-01-01/19:35:27.820  INFO: Transcriber - Line 35: three nine eight two nine one three four one nine eight
2017-01-01/19:35:27.859  INFO: Transcriber - Line 36: oh eight four
2017-01-01/19:35:27.870  INFO: Transcriber - Line 37: four
2017-01-01/19:35:27.901  INFO: Transcriber - Line 38: seven eight three
2017-01-01/19:35:27.912  INFO: Transcriber - Line 39: one
2017-01-01/19:35:27.930  INFO: Transcriber - Line 40: zero
2017-01-01/19:35:27.969  INFO: Transcriber - Line 41: zero two
2017-01-01/19:35:27.979  INFO: Transcriber - Line 42: four
2017-01-01/19:35:27.991  INFO: Transcriber - Line 43: seven
2017-01-01/19:35:28.003  INFO: Transcriber - Line 44: seven
2017-01-01/19:35:28.012  INFO: Transcriber - Line 45: four
2017-01-01/19:35:28.024  INFO: Transcriber - Line 46: nine
2017-01-01/19:35:28.033  INFO: Transcriber - Line 47: two
2017-01-01/19:35:28.047  INFO: Transcriber - Line 48: nine
2017-01-01/19:35:28.057  INFO: Transcriber - Line 49: zero
2017-01-01/19:35:28.067  INFO: Transcriber - Line 50: nine
2017-01-01/19:35:28.081  INFO: Transcriber - Line 51: six
2017-01-01/19:35:28.093  INFO: Transcriber - Line 52: three
2017-01-01/19:35:28.108  INFO: Transcriber - Line 53: three
2017-01-01/19:35:28.121  INFO: Transcriber - Line 54: four
2017-01-01/19:35:28.132  INFO: Transcriber - Line 55: two
2017-01-01/19:35:28.144  INFO: Transcriber - Line 56: two
2017-01-01/19:35:28.159  INFO: Transcriber - Line 57: zero
2017-01-01/19:35:28.178  INFO: Transcriber - Line 58: nine
2017-01-01/19:35:28.193  INFO: Transcriber - Line 59: zero
2017-01-01/19:35:28.256  INFO: Transcriber - Line 60: one one seven
2017-01-01/19:35:28.310  INFO: Transcriber - Line 61: seven three two nine
2017-01-01/19:35:28.366  INFO: Transcriber - Line 62: six six five oh
2017-01-01/19:35:28.421  INFO: Transcriber - Line 63: one one three
2017-01-01/19:35:28.471  INFO: Transcriber - Line 64: zero four two zero
2017-01-01/19:35:28.510  INFO: Transcriber - Line 65: five eight three
2017-01-01/19:35:28.556  INFO: Transcriber - Line 66: six two eight four
2017-01-01/19:35:28.606  INFO: Transcriber - Line 67: nine one seven oh
2017-01-01/19:35:28.661  INFO: Transcriber - Line 68: one five five eight
2017-01-01/19:35:28.707  INFO: Transcriber - Line 69: six zero one
2017-01-01/19:35:28.792  INFO: Transcriber - Line 70: oh four four
2017-01-01/19:35:28.835  INFO: Transcriber - Line 71: three two two
2017-01-01/19:35:28.861  INFO: Transcriber - Line 72: one one one
2017-01-01/19:35:28.901  INFO: Transcriber - Line 73: two two two
2017-01-01/19:35:28.990  INFO: Transcriber - Line 74: zero zero zero one nine nine
2017-01-01/19:35:29.018  INFO: Transcriber - Line 75: seven seven seven
2017-01-01/19:35:29.057  INFO: Transcriber - Line 76: seven six six
2017-01-01/19:35:29.097  INFO: Transcriber - Line 77: five one four
2017-01-01/19:35:29.145  INFO: Transcriber - Line 78: nine one one
2017-01-01/19:35:29.176  INFO: Transcriber - Line 79: seven eight three
2017-01-01/19:35:29.188  INFO: Transcriber - Line 80: one
2017-01-01/19:35:29.208  INFO: Transcriber - Line 81: zero
2017-01-01/19:35:29.224  INFO: Transcriber - Line 82: zero
2017-01-01/19:35:29.241  INFO: Transcriber - Line 83: zero
2017-01-01/19:35:29.250  INFO: Transcriber - Line 84: four
2017-01-01/19:35:29.262  INFO: Transcriber - Line 85: seven
2017-01-01/19:35:29.273  INFO: Transcriber - Line 86: seven
2017-01-01/19:35:29.282  INFO: Transcriber - Line 87: four
2017-01-01/19:35:29.295  INFO: Transcriber - Line 88: nine
2017-01-01/19:35:29.304  INFO: Transcriber - Line 89: two
2017-01-01/19:35:29.317  INFO: Transcriber - Line 90: nine
2017-01-01/19:35:29.328  INFO: Transcriber - Line 91: zero
2017-01-01/19:35:29.338  INFO: Transcriber - Line 92: nine
2017-01-01/19:35:29.371  INFO: Transcriber - Line 93: six four eight
2017-01-01/19:35:29.389  INFO: Transcriber - Line 94: three
2017-01-01/19:35:29.403  INFO: Transcriber - Line 95: four
2017-01-01/19:35:29.413  INFO: Transcriber - Line 96: two
2017-01-01/19:35:29.424  INFO: Transcriber - Line 97: two
2017-01-01/19:35:29.438  INFO: Transcriber - Line 98: zero
2017-01-01/19:35:29.455  INFO: Transcriber - Line 99: nine
2017-01-01/19:35:29.560  INFO: Transcriber - Line 100: zero four one one four eight three three
2017-01-01/19:35:29.586  INFO: Transcriber - Line 101: one one
2017-01-01/19:35:29.666  INFO: Transcriber - Line 102: two two two two
2017-01-01/19:35:29.700  INFO: Transcriber - Line 103: nine
2017-01-01/19:35:29.712  INFO: Transcriber - Line 104: eight
2017-01-01/19:35:29.752  INFO: Transcriber - Line 105: zero eight one
2017-01-01/19:35:29.855  INFO: Transcriber - Line 106: eight one oh two eight
2017-01-01/19:35:29.897  INFO: Transcriber - Line 107: nine
2017-01-01/19:35:29.939  INFO: Transcriber - Line 108: one eight
2017-01-01/19:35:30.012  INFO: Transcriber - Line 109: seven eight
2017-01-01/19:35:30.089  INFO: Transcriber - Line 110: eight one one two two
2017-01-01/19:35:30.107  INFO: Transcriber - Line 111: 
2017-01-01/19:35:30.141  INFO: Transcriber - Line 112: one
2017-01-01/19:35:30.166  INFO: Transcriber - Line 113: nine eight
2017-01-01/19:35:30.224  INFO: Transcriber - Line 114: five
2017-01-01/19:35:30.246  INFO: Transcriber - Line 115: two
2017-01-01/19:35:30.280  INFO: Transcriber - Line 116: two two
2017-01-01/19:35:30.296  INFO: Transcriber - Line 117: two
2017-01-01/19:35:30.315  INFO: Transcriber - Line 118: two nine
2017-01-01/19:35:30.326  INFO: Transcriber - Line 119: one
2017-01-01/19:35:30.362  INFO: Transcriber - Line 120: 
2017-01-01/19:35:30.374  INFO: Transcriber - Line 121: 
2017-01-01/19:35:30.428  INFO: Transcriber - Line 122: one one one one
2017-01-01/19:35:30.567  INFO: Transcriber - Line 123: one oh two two eight nine oh eight nine
2017-01-01/19:35:30.608  INFO: Transcriber - Line 124: zero
2017-01-01/19:35:30.662  INFO: Transcriber - Line 125: one six oh zero
2017-01-01/19:35:30.688  INFO: Transcriber - Line 126: two three eight
2017-01-01/19:35:30.728  INFO: Transcriber - Line 127: eight two two
2017-01-01/19:35:30.786  INFO: Transcriber - Line 128: six one four
2017-01-01/19:35:30.831  INFO: Transcriber - Line 129: oh nine eight three
2017-01-01/19:35:30.861  INFO: Transcriber - Line 130: three eight two
2017-01-01/19:35:30.884  INFO: Transcriber - Line 131: two two
2017-01-01/19:35:30.928  INFO: Transcriber - Line 132: four one
