****************************************
Transcribing..  M2_329_20160708-185918.wav
****************************************
Line 1: two three
Line 2: eight two nine
****************************************
Transcribing..  F2_134_20160708-171553.wav
****************************************
Line 1: one eight five
Line 2: 
****************************************
Transcribing..  M1_20160708-171409.wav
****************************************
Line 1: one
****************************************
Transcribing..  M1_008_20160708-165157.wav
****************************************
Line 1: two nine zero two eight
****************************************
Transcribing..  F2_822_20160708-171612.wav
****************************************
Line 1: eight eight five
****************************************
Transcribing..  M2_483_20160708-185859.wav
****************************************
Line 1: five eight
****************************************
Transcribing..  M2_419_20160708-185940.wav
****************************************
Line 1: five one nine eight
****************************************
Transcribing..  combined_record.wav
****************************************
Line 1: 
Line 2: one three two eight five one eight
Line 3: six seven
Line 4: five two five two
Line 5: five three one
Line 6: three two eight nine
Line 7: zero zero eight
Line 8: five two
Line 9: one seven three
Line 10: six five two
Line 11: one
Line 12: three
Line 13: two
Line 14: six
Line 15: seven
Line 16: five
Line 17: 
Line 18: eight
Line 19: nine
Line 20: seven four eight two
Line 21: four one
Line 22: three
Line 23: one
Line 24: two two eight five
Line 25: zero two zero two eight
Line 26: four eight two two
Line 27: one
Line 28: seven one
Line 29: six
Line 30: zero
Line 31: zero eight
Line 32: nine five six one one eight one
Line 33: eight two nine seven four eight five one
Line 34: five eight
Line 35: three nine eight two nine one four one nine eight
Line 36: nine four
Line 37: four
Line 38: seven eight three
Line 39: one
Line 40: zero
Line 41: zero two
Line 42: four
Line 43: seven
Line 44: seven
Line 45: four
Line 46: nine
Line 47: two
Line 48: nine
Line 49: zero
Line 50: nine
Line 51: six
Line 52: three
Line 53: three
Line 54: four
Line 55: two
Line 56: two
Line 57: zero
Line 58: nine
Line 59: zero
Line 60: one one seven
Line 61: seven three two nine
Line 62: six six five two
Line 63: one one three
Line 64: zero four two zero
Line 65: five eight three
Line 66: six two eight four
Line 67: nine one seven
Line 68: one five five eight
Line 69: six zero one
Line 70: eight four four four
Line 71: three two two
Line 72: one one one
Line 73: two two two
Line 74: zero zero zero one nine nine
Line 75: seven seven seven
Line 76: seven six six
Line 77: five one four
Line 78: nine one one
Line 79: seven eight three
Line 80: one
Line 81: zero
Line 82: zero
Line 83: zero
Line 84: four
Line 85: seven
Line 86: seven
Line 87: four
Line 88: nine
Line 89: two
Line 90: nine
Line 91: zero
Line 92: nine
Line 93: six four eight
Line 94: three
Line 95: four
Line 96: two
Line 97: two
Line 98: zero
Line 99: nine
Line 100: zero four one one three two three
Line 101: one one
Line 102: two two two two
Line 103: nine
Line 104: eight
Line 105: zero eight one
Line 106: eight one eight
Line 107: nine
Line 108: one eight
Line 109: seven eight
Line 110: eight one one two two
Line 111: 
Line 112: one
Line 113: nine eight
Line 114: five
Line 115: two
Line 116: two two
Line 117: two
Line 118: two nine
Line 119: one
Line 120: 
Line 121: 
Line 122: one one one one
Line 123: one one eight nine one
Line 124: zero
Line 125: one six zero
Line 126: two three eight
Line 127: eight two two
Line 128: six one four
Line 129: four eight three
Line 130: three eight two
Line 131: two two
Line 132: four one
****************************************
Transcribing..  F1_522_20160708-164214.wav
****************************************
Line 1: two
****************************************
Transcribing..  M3_20160710-110534.wav
****************************************
Line 1: one
Line 2: seven six three
Line 3: nine four
Line 4: four
Line 5: seven eight three
Line 6: one
Line 7: zero
Line 8: zero two
Line 9: four
Line 10: seven
Line 11: seven
Line 12: four
Line 13: nine
Line 14: two
Line 15: nine
Line 16: zero
Line 17: nine
Line 18: six four eight
Line 19: three
Line 20: four
Line 21: two
Line 22: two
Line 23: zero
Line 24: nine
Line 25: zero
****************************************
Transcribing..  F3_20160710-110642.wav
****************************************
Line 1: 
Line 2: eight eight zero three
Line 3: one one seven
Line 4: seven three two nine
Line 5: six six nine
Line 6: one
Line 7: two two
Line 8: zero four two zero
Line 9: five eight three
Line 10: six two eight four
Line 11: nine one seven
Line 12: one five five eight
Line 13: six zero one
****************************************
Transcribing..  M1_431_20160708-165135.wav
****************************************
Line 1: four one
Line 2: three
Line 3: one
****************************************
Transcribing..  M1_750_20160708-165124.wav
****************************************
Line 1: seven
Line 2: four eight two
****************************************
Transcribing..  F1_389_20160708-164156.wav
****************************************
Line 1: nine
****************************************
Transcribing..  M1_132_20160708-165051.wav
****************************************
Line 1: one
Line 2: three
Line 3: two
****************************************
Transcribing..  F4_20160710-183918.wav
****************************************
Line 1: four four four
Line 2: three two two
Line 3: one one one
Line 4: two two two
Line 5: zero zero zero
Line 6: nine nine nine
Line 7: seven seven seven
Line 8: seven six six
Line 9: five five four
****************************************
Transcribing..  M1_680_20160708-165227.wav
****************************************
Line 1: six
Line 2: zero
****************************************
Transcribing..  M4_20160720-111057.wav
****************************************
Line 1: 
Line 2: eight one
Line 3: one one eight nine one
Line 4: zero one one
Line 5: one six zero
Line 6: two three eight
Line 7: eight two two
Line 8: six one four
Line 9: four eight three
Line 10: three eight two
Line 11: two two
Line 12: four one
****************************************
Transcribing..  F1_008_20160708-164205.wav
****************************************
Line 1: zero eight
****************************************
Transcribing..  M7_544731080047748982509633422090.wav
****************************************
Line 1: one one
Line 2: four
Line 3: seven eight three
Line 4: one
Line 5: two
Line 6: zero two
Line 7: four
Line 8: seven
Line 9: seven
Line 10: four
Line 11: nine
Line 12: two
Line 13: nine
Line 14: zero
Line 15: nine
Line 16: six four eight
Line 17: three
Line 18: four
Line 19: two
Line 20: two
Line 21: zero
Line 22: nine
Line 23: zero
****************************************
Transcribing..  F1_431.wav
****************************************
Line 1: four
****************************************
Transcribing..  F1_173_20160708-164224.wav
****************************************
Line 1: one seven three
****************************************
Transcribing..  M2_221_20160708-185930.wav
****************************************
Line 1: one one five
****************************************
Transcribing..  M1_675_20160708-165103.wav
****************************************
Line 1: six
Line 2: seven
Line 3: five
****************************************
Transcribing..  M6_20160720-143320.wav
****************************************
Line 1: two
Line 2: two one eight
Line 3: nine
Line 4: one eight
Line 5: seven eight
Line 6: two zero one one eight
Line 7: two five
Line 8: 
Line 9: one one
Line 10: nine eight
Line 11: seven
Line 12: five
Line 13: two
Line 14: two two
Line 15: 
Line 16: two nine
Line 17: two two
Line 18: 
****************************************
Transcribing..  M1_173_20160708-165215.wav
****************************************
Line 1: one
Line 2: seven one
****************************************
Transcribing..  M1_522_20160708-165207.wav
****************************************
Line 1: two
****************************************
Transcribing..  M1_389_20160708-165146.wav
****************************************
Line 1: two two eight five
****************************************
Transcribing..  F2_807_20160708-185833.wav
****************************************
Line 1: eight two nine five
****************************************
Transcribing..  F1_680_20160708-164235.wav
****************************************
Line 1: eight four
****************************************
Transcribing..  F1_898.wav
****************************************
Line 1: nine five
****************************************
Transcribing..  F2_956_20160708-171604.wav
****************************************
Line 1: eight
****************************************
Transcribing..  F1_50.wav
****************************************
Line 1: nine
****************************************
Transcribing..  M2_654_20160708-185848.wav
****************************************
Line 1: eight five one
****************************************
Transcribing..  M1_898_20160708-165113.wav
****************************************
Line 1: eight
Line 2: nine
****************************************
Transcribing..  F1_132.wav
****************************************
Line 1: 
Line 2: one three two
****************************************
Transcribing..  M5_20160720-143907.wav
****************************************
Line 1: five
Line 2: four two two three
Line 3: one
Line 4: two two two two
Line 5: nine
Line 6: eight
****************************************
Transcribing..  F2_072_20160708-171538.wav
****************************************
Line 1: zero eight
****************************************
Transcribing..  F1_675.wav
****************************************
Line 1: seven
Line 2: five
